{"/home/norris/my-projects/freelancing/noble-bac-uemoa-v2/mobile/expo-env.d.ts": {"path":"/home/norris/my-projects/freelancing/noble-bac-uemoa-v2/mobile/expo-env.d.ts","statementMap":{},"fnMap":{},"branchMap":{},"s":{},"f":{},"b":{}}
,"/home/norris/my-projects/freelancing/noble-bac-uemoa-v2/mobile/nativewind-env.d.ts": {"path":"/home/norris/my-projects/freelancing/noble-bac-uemoa-v2/mobile/nativewind-env.d.ts","statementMap":{},"fnMap":{},"branchMap":{},"s":{},"f":{},"b":{}}
,"/home/norris/my-projects/freelancing/noble-bac-uemoa-v2/mobile/.expo/types/router.d.ts": {"path":"/home/norris/my-projects/freelancing/noble-bac-uemoa-v2/mobile/.expo/types/router.d.ts","statementMap":{},"fnMap":{},"branchMap":{},"s":{},"f":{},"b":{}}
,"/home/norris/my-projects/freelancing/noble-bac-uemoa-v2/mobile/app/_layout.tsx": {"path":"/home/norris/my-projects/freelancing/noble-bac-uemoa-v2/mobile/app/_layout.tsx","statementMap":{"0":{"start":{"line":25,"column":0},"end":{"line":25,"column":36}},"1":{"start":{"line":29,"column":33},"end":{"line":31,"column":1}},"2":{"start":{"line":34,"column":22},"end":{"line":34,"column":38}},"3":{"start":{"line":35,"column":42},"end":{"line":35,"column":56}},"4":{"start":{"line":36,"column":19},"end":{"line":36,"column":32}},"5":{"start":{"line":37,"column":17},"end":{"line":37,"column":28}},"6":{"start":{"line":39,"column":26},"end":{"line":46,"column":4}},"7":{"start":{"line":48,"column":2},"end":{"line":50,"column":9}},"8":{"start":{"line":49,"column":4},"end":{"line":49,"column":17}},"9":{"start":{"line":52,"column":2},"end":{"line":56,"column":22}},"10":{"start":{"line":53,"column":4},"end":{"line":55,"column":5}},"11":{"start":{"line":54,"column":6},"end":{"line":54,"column":31}},"12":{"start":{"line":58,"column":2},"end":{"line":91,"column":42}},"13":{"start":{"line":59,"column":4},"end":{"line":59,"column":24}},"14":{"start":{"line":59,"column":17},"end":{"line":59,"column":24}},"15":{"start":{"line":67,"column":4},"end":{"line":67,"column":63}},"16":{"start":{"line":67,"column":56},"end":{"line":67,"column":63}},"17":{"start":{"line":69,"column":24},"end":{"line":69,"column":48}},"18":{"start":{"line":70,"column":24},"end":{"line":70,"column":48}},"19":{"start":{"line":71,"column":22},"end":{"line":71,"column":47}},"20":{"start":{"line":76,"column":28},"end":{"line":89,"column":5}},"21":{"start":{"line":77,"column":19},"end":{"line":77,"column":66}},"22":{"start":{"line":78,"column":6},"end":{"line":82,"column":7}},"23":{"start":{"line":80,"column":8},"end":{"line":80,"column":38}},"24":{"start":{"line":81,"column":8},"end":{"line":81,"column":15}},"25":{"start":{"line":84,"column":6},"end":{"line":88,"column":7}},"26":{"start":{"line":85,"column":8},"end":{"line":85,"column":35}},"27":{"start":{"line":86,"column":13},"end":{"line":88,"column":7}},"28":{"start":{"line":87,"column":8},"end":{"line":87,"column":34}},"29":{"start":{"line":90,"column":4},"end":{"line":90,"column":22}},"30":{"start":{"line":94,"column":2},"end":{"line":96,"column":3}},"31":{"start":{"line":95,"column":4},"end":{"line":95,"column":16}},"32":{"start":{"line":98,"column":2},"end":{"line":111,"column":4}}},"fnMap":{"0":{"name":"RootLayout","decl":{"start":{"line":33,"column":24},"end":{"line":33,"column":34}},"loc":{"start":{"line":33,"column":37},"end":{"line":112,"column":1}},"line":33},"1":{"name":"(anonymous_1)","decl":{"start":{"line":48,"column":12},"end":{"line":48,"column":13}},"loc":{"start":{"line":48,"column":18},"end":{"line":50,"column":3}},"line":48},"2":{"name":"(anonymous_2)","decl":{"start":{"line":52,"column":12},"end":{"line":52,"column":13}},"loc":{"start":{"line":52,"column":18},"end":{"line":56,"column":3}},"line":52},"3":{"name":"(anonymous_3)","decl":{"start":{"line":58,"column":12},"end":{"line":58,"column":13}},"loc":{"start":{"line":58,"column":18},"end":{"line":91,"column":3}},"line":58},"4":{"name":"(anonymous_4)","decl":{"start":{"line":76,"column":28},"end":{"line":76,"column":29}},"loc":{"start":{"line":76,"column":40},"end":{"line":89,"column":5}},"line":76}},"branchMap":{"0":{"loc":{"start":{"line":53,"column":4},"end":{"line":55,"column":5}},"type":"if","locations":[{"start":{"line":53,"column":4},"end":{"line":55,"column":5}},{"start":{},"end":{}}],"line":53},"1":{"loc":{"start":{"line":53,"column":8},"end":{"line":53,"column":23}},"type":"binary-expr","locations":[{"start":{"line":53,"column":8},"end":{"line":53,"column":14}},{"start":{"line":53,"column":18},"end":{"line":53,"column":23}}],"line":53},"2":{"loc":{"start":{"line":59,"column":4},"end":{"line":59,"column":24}},"type":"if","locations":[{"start":{"line":59,"column":4},"end":{"line":59,"column":24}},{"start":{},"end":{}}],"line":59},"3":{"loc":{"start":{"line":67,"column":4},"end":{"line":67,"column":63}},"type":"if","locations":[{"start":{"line":67,"column":4},"end":{"line":67,"column":63}},{"start":{},"end":{}}],"line":67},"4":{"loc":{"start":{"line":78,"column":6},"end":{"line":82,"column":7}},"type":"if","locations":[{"start":{"line":78,"column":6},"end":{"line":82,"column":7}},{"start":{},"end":{}}],"line":78},"5":{"loc":{"start":{"line":84,"column":6},"end":{"line":88,"column":7}},"type":"if","locations":[{"start":{"line":84,"column":6},"end":{"line":88,"column":7}},{"start":{"line":86,"column":13},"end":{"line":88,"column":7}}],"line":84},"6":{"loc":{"start":{"line":84,"column":10},"end":{"line":84,"column":41}},"type":"binary-expr","locations":[{"start":{"line":84,"column":10},"end":{"line":84,"column":26}},{"start":{"line":84,"column":30},"end":{"line":84,"column":41}}],"line":84},"7":{"loc":{"start":{"line":86,"column":13},"end":{"line":88,"column":7}},"type":"if","locations":[{"start":{"line":86,"column":13},"end":{"line":88,"column":7}},{"start":{},"end":{}}],"line":86},"8":{"loc":{"start":{"line":86,"column":17},"end":{"line":86,"column":62}},"type":"binary-expr","locations":[{"start":{"line":86,"column":17},"end":{"line":86,"column":32}},{"start":{"line":86,"column":37},"end":{"line":86,"column":48}},{"start":{"line":86,"column":52},"end":{"line":86,"column":61}}],"line":86},"9":{"loc":{"start":{"line":94,"column":2},"end":{"line":96,"column":3}},"type":"if","locations":[{"start":{"line":94,"column":2},"end":{"line":96,"column":3}},{"start":{},"end":{}}],"line":94},"10":{"loc":{"start":{"line":94,"column":6},"end":{"line":94,"column":23}},"type":"binary-expr","locations":[{"start":{"line":94,"column":6},"end":{"line":94,"column":13}},{"start":{"line":94,"column":17},"end":{"line":94,"column":23}}],"line":94},"11":{"loc":{"start":{"line":101,"column":30},"end":{"line":101,"column":79}},"type":"cond-expr","locations":[{"start":{"line":101,"column":55},"end":{"line":101,"column":64}},{"start":{"line":101,"column":67},"end":{"line":101,"column":79}}],"line":101}},"s":{"0":0,"1":0,"2":0,"3":0,"4":0,"5":0,"6":0,"7":0,"8":0,"9":0,"10":0,"11":0,"12":0,"13":0,"14":0,"15":0,"16":0,"17":0,"18":0,"19":0,"20":0,"21":0,"22":0,"23":0,"24":0,"25":0,"26":0,"27":0,"28":0,"29":0,"30":0,"31":0,"32":0},"f":{"0":0,"1":0,"2":0,"3":0,"4":0},"b":{"0":[0,0],"1":[0,0],"2":[0,0],"3":[0,0],"4":[0,0],"5":[0,0],"6":[0,0],"7":[0,0],"8":[0,0,0],"9":[0,0],"10":[0,0],"11":[0,0]}}
,"/home/norris/my-projects/freelancing/noble-bac-uemoa-v2/mobile/app/books.tsx": {"path":"/home/norris/my-projects/freelancing/noble-bac-uemoa-v2/mobile/app/books.tsx","statementMap":{"0":{"start":{"line":15,"column":57},"end":{"line":23,"column":1}},"1":{"start":{"line":26,"column":17},"end":{"line":26,"column":28}},"2":{"start":{"line":27,"column":17},"end":{"line":27,"column":36}},"3":{"start":{"line":29,"column":28},"end":{"line":29,"column":48}},"4":{"start":{"line":30,"column":34},"end":{"line":30,"column":57}},"5":{"start":{"line":31,"column":32},"end":{"line":31,"column":46}},"6":{"start":{"line":32,"column":40},"end":{"line":32,"column":52}},"7":{"start":{"line":33,"column":48},"end":{"line":33,"column":78}},"8":{"start":{"line":35,"column":38},"end":{"line":35,"column":70}},"9":{"start":{"line":37,"column":2},"end":{"line":39,"column":9}},"10":{"start":{"line":38,"column":4},"end":{"line":38,"column":22}},"11":{"start":{"line":41,"column":2},"end":{"line":47,"column":37}},"12":{"start":{"line":42,"column":28},"end":{"line":44,"column":11}},"13":{"start":{"line":43,"column":6},"end":{"line":43,"column":18}},"14":{"start":{"line":46,"column":4},"end":{"line":46,"column":47}},"15":{"start":{"line":46,"column":17},"end":{"line":46,"column":46}},"16":{"start":{"line":49,"column":26},"end":{"line":59,"column":3}},"17":{"start":{"line":50,"column":4},"end":{"line":58,"column":5}},"18":{"start":{"line":51,"column":23},"end":{"line":51,"column":56}},"19":{"start":{"line":52,"column":6},"end":{"line":52,"column":28}},"20":{"start":{"line":53,"column":6},"end":{"line":53,"column":24}},"21":{"start":{"line":55,"column":6},"end":{"line":55,"column":67}},"22":{"start":{"line":57,"column":6},"end":{"line":57,"column":24}},"23":{"start":{"line":61,"column":20},"end":{"line":74,"column":3}},"24":{"start":{"line":62,"column":4},"end":{"line":62,"column":21}},"25":{"start":{"line":63,"column":4},"end":{"line":73,"column":5}},"26":{"start":{"line":64,"column":23},"end":{"line":67,"column":8}},"27":{"start":{"line":68,"column":6},"end":{"line":68,"column":30}},"28":{"start":{"line":70,"column":6},"end":{"line":70,"column":52}},"29":{"start":{"line":72,"column":6},"end":{"line":72,"column":24}},"30":{"start":{"line":76,"column":29},"end":{"line":76,"column":78}},"31":{"start":{"line":78,"column":23},"end":{"line":81,"column":3}},"32":{"start":{"line":79,"column":4},"end":{"line":79,"column":23}},"33":{"start":{"line":80,"column":4},"end":{"line":80,"column":29}},"34":{"start":{"line":83,"column":25},"end":{"line":94,"column":3}},"35":{"start":{"line":86,"column":4},"end":{"line":93,"column":7}},"36":{"start":{"line":96,"column":2},"end":{"line":199,"column":4}},"37":{"start":{"line":105,"column":41},"end":{"line":105,"column":54}},"38":{"start":{"line":123,"column":45},"end":{"line":123,"column":63}},"39":{"start":{"line":134,"column":27},"end":{"line":134,"column":51}},"40":{"start":{"line":158,"column":14},"end":{"line":171,"column":33}},"41":{"start":{"line":162,"column":31},"end":{"line":162,"column":51}},"42":{"start":{"line":189,"column":23},"end":{"line":189,"column":42}},"43":{"start":{"line":191,"column":35},"end":{"line":191,"column":41}},"44":{"start":{"line":194,"column":24},"end":{"line":194,"column":58}},"45":{"start":{"line":194,"column":43},"end":{"line":194,"column":57}},"46":{"start":{"line":195,"column":10},"end":{"line":195,"column":44}},"47":{"start":{"line":202,"column":19},"end":{"line":216,"column":1}},"48":{"start":{"line":203,"column":17},"end":{"line":203,"column":24}},"49":{"start":{"line":204,"column":2},"end":{"line":215,"column":4}},"50":{"start":{"line":218,"column":18},"end":{"line":249,"column":1}},"51":{"start":{"line":219,"column":2},"end":{"line":248,"column":4}},"52":{"start":{"line":251,"column":15},"end":{"line":479,"column":2}}},"fnMap":{"0":{"name":"BooksLibraryScreen","decl":{"start":{"line":25,"column":24},"end":{"line":25,"column":42}},"loc":{"start":{"line":25,"column":45},"end":{"line":200,"column":1}},"line":25},"1":{"name":"(anonymous_1)","decl":{"start":{"line":37,"column":12},"end":{"line":37,"column":13}},"loc":{"start":{"line":37,"column":18},"end":{"line":39,"column":3}},"line":37},"2":{"name":"(anonymous_2)","decl":{"start":{"line":41,"column":12},"end":{"line":41,"column":13}},"loc":{"start":{"line":41,"column":18},"end":{"line":47,"column":3}},"line":41},"3":{"name":"(anonymous_3)","decl":{"start":{"line":42,"column":39},"end":{"line":42,"column":40}},"loc":{"start":{"line":42,"column":45},"end":{"line":44,"column":5}},"line":42},"4":{"name":"(anonymous_4)","decl":{"start":{"line":46,"column":11},"end":{"line":46,"column":12}},"loc":{"start":{"line":46,"column":17},"end":{"line":46,"column":46}},"line":46},"5":{"name":"(anonymous_5)","decl":{"start":{"line":49,"column":26},"end":{"line":49,"column":27}},"loc":{"start":{"line":49,"column":38},"end":{"line":59,"column":3}},"line":49},"6":{"name":"(anonymous_6)","decl":{"start":{"line":61,"column":20},"end":{"line":61,"column":21}},"loc":{"start":{"line":61,"column":32},"end":{"line":74,"column":3}},"line":61},"7":{"name":"(anonymous_7)","decl":{"start":{"line":78,"column":23},"end":{"line":78,"column":24}},"loc":{"start":{"line":78,"column":29},"end":{"line":81,"column":3}},"line":78},"8":{"name":"(anonymous_8)","decl":{"start":{"line":83,"column":25},"end":{"line":83,"column":26}},"loc":{"start":{"line":83,"column":41},"end":{"line":94,"column":3}},"line":83},"9":{"name":"(anonymous_9)","decl":{"start":{"line":105,"column":35},"end":{"line":105,"column":36}},"loc":{"start":{"line":105,"column":41},"end":{"line":105,"column":54}},"line":105},"10":{"name":"(anonymous_10)","decl":{"start":{"line":123,"column":39},"end":{"line":123,"column":40}},"loc":{"start":{"line":123,"column":45},"end":{"line":123,"column":63}},"line":123},"11":{"name":"(anonymous_11)","decl":{"start":{"line":134,"column":21},"end":{"line":134,"column":22}},"loc":{"start":{"line":134,"column":27},"end":{"line":134,"column":51}},"line":134},"12":{"name":"(anonymous_12)","decl":{"start":{"line":157,"column":23},"end":{"line":157,"column":24}},"loc":{"start":{"line":158,"column":14},"end":{"line":171,"column":33}},"line":158},"13":{"name":"(anonymous_13)","decl":{"start":{"line":162,"column":25},"end":{"line":162,"column":26}},"loc":{"start":{"line":162,"column":31},"end":{"line":162,"column":51}},"line":162},"14":{"name":"(anonymous_14)","decl":{"start":{"line":189,"column":17},"end":{"line":189,"column":18}},"loc":{"start":{"line":189,"column":23},"end":{"line":189,"column":42}},"line":189},"15":{"name":"(anonymous_15)","decl":{"start":{"line":191,"column":30},"end":{"line":191,"column":31}},"loc":{"start":{"line":191,"column":35},"end":{"line":191,"column":41}},"line":191},"16":{"name":"(anonymous_16)","decl":{"start":{"line":193,"column":18},"end":{"line":193,"column":19}},"loc":{"start":{"line":193,"column":27},"end":{"line":196,"column":9}},"line":193},"17":{"name":"(anonymous_17)","decl":{"start":{"line":194,"column":38},"end":{"line":194,"column":39}},"loc":{"start":{"line":194,"column":43},"end":{"line":194,"column":57}},"line":194},"18":{"name":"(anonymous_18)","decl":{"start":{"line":202,"column":19},"end":{"line":202,"column":20}},"loc":{"start":{"line":202,"column":112},"end":{"line":216,"column":1}},"line":202},"19":{"name":"(anonymous_19)","decl":{"start":{"line":218,"column":18},"end":{"line":218,"column":19}},"loc":{"start":{"line":218,"column":48},"end":{"line":249,"column":1}},"line":218}},"branchMap":{"0":{"loc":{"start":{"line":76,"column":30},"end":{"line":76,"column":53}},"type":"cond-expr","locations":[{"start":{"line":76,"column":48},"end":{"line":76,"column":49}},{"start":{"line":76,"column":52},"end":{"line":76,"column":53}}],"line":76},"1":{"loc":{"start":{"line":76,"column":58},"end":{"line":76,"column":77}},"type":"cond-expr","locations":[{"start":{"line":76,"column":72},"end":{"line":76,"column":73}},{"start":{"line":76,"column":76},"end":{"line":76,"column":77}}],"line":76},"2":{"loc":{"start":{"line":91,"column":17},"end":{"line":91,"column":41}},"type":"binary-expr","locations":[{"start":{"line":91,"column":17},"end":{"line":91,"column":35}},{"start":{"line":91,"column":39},"end":{"line":91,"column":41}}],"line":91},"3":{"loc":{"start":{"line":122,"column":11},"end":{"line":126,"column":11}},"type":"binary-expr","locations":[{"start":{"line":122,"column":11},"end":{"line":122,"column":33}},{"start":{"line":123,"column":12},"end":{"line":125,"column":31}}],"line":122},"4":{"loc":{"start":{"line":133,"column":19},"end":{"line":133,"column":48}},"type":"binary-expr","locations":[{"start":{"line":133,"column":19},"end":{"line":133,"column":40}},{"start":{"line":133,"column":44},"end":{"line":133,"column":48}}],"line":133},"5":{"loc":{"start":{"line":136,"column":11},"end":{"line":140,"column":11}},"type":"binary-expr","locations":[{"start":{"line":136,"column":11},"end":{"line":136,"column":33}},{"start":{"line":137,"column":12},"end":{"line":139,"column":31}}],"line":136},"6":{"loc":{"start":{"line":143,"column":35},"end":{"line":143,"column":62}},"type":"cond-expr","locations":[{"start":{"line":143,"column":54},"end":{"line":143,"column":57}},{"start":{"line":143,"column":60},"end":{"line":143,"column":62}}],"line":143},"7":{"loc":{"start":{"line":153,"column":9},"end":{"line":174,"column":9}},"type":"cond-expr","locations":[{"start":{"line":154,"column":10},"end":{"line":154,"column":86}},{"start":{"line":156,"column":10},"end":{"line":173,"column":17}}],"line":153},"8":{"loc":{"start":{"line":153,"column":9},"end":{"line":153,"column":38}},"type":"binary-expr","locations":[{"start":{"line":153,"column":9},"end":{"line":153,"column":16}},{"start":{"line":153,"column":20},"end":{"line":153,"column":38}}],"line":153},"9":{"loc":{"start":{"line":176,"column":9},"end":{"line":183,"column":9}},"type":"binary-expr","locations":[{"start":{"line":176,"column":9},"end":{"line":176,"column":17}},{"start":{"line":176,"column":21},"end":{"line":176,"column":39}},{"start":{"line":177,"column":10},"end":{"line":182,"column":17}}],"line":176},"10":{"loc":{"start":{"line":192,"column":23},"end":{"line":192,"column":56}},"type":"binary-expr","locations":[{"start":{"line":192,"column":23},"end":{"line":192,"column":44}},{"start":{"line":192,"column":48},"end":{"line":192,"column":56}}],"line":192},"11":{"loc":{"start":{"line":195,"column":29},"end":{"line":195,"column":42}},"type":"binary-expr","locations":[{"start":{"line":195,"column":29},"end":{"line":195,"column":34}},{"start":{"line":195,"column":38},"end":{"line":195,"column":42}}],"line":195},"12":{"loc":{"start":{"line":207,"column":27},"end":{"line":207,"column":54}},"type":"binary-expr","locations":[{"start":{"line":207,"column":27},"end":{"line":207,"column":33}},{"start":{"line":207,"column":37},"end":{"line":207,"column":54}}],"line":207},"13":{"loc":{"start":{"line":210,"column":37},"end":{"line":210,"column":68}},"type":"binary-expr","locations":[{"start":{"line":210,"column":37},"end":{"line":210,"column":43}},{"start":{"line":210,"column":47},"end":{"line":210,"column":68}}],"line":210},"14":{"loc":{"start":{"line":211,"column":9},"end":{"line":211,"column":31}},"type":"cond-expr","locations":[{"start":{"line":211,"column":18},"end":{"line":211,"column":23}},{"start":{"line":211,"column":26},"end":{"line":211,"column":31}}],"line":211},"15":{"loc":{"start":{"line":213,"column":36},"end":{"line":213,"column":63}},"type":"cond-expr","locations":[{"start":{"line":213,"column":45},"end":{"line":213,"column":51}},{"start":{"line":213,"column":54},"end":{"line":213,"column":63}}],"line":213},"16":{"loc":{"start":{"line":221,"column":73},"end":{"line":221,"column":108}},"type":"cond-expr","locations":[{"start":{"line":221,"column":92},"end":{"line":221,"column":99}},{"start":{"line":221,"column":102},"end":{"line":221,"column":108}}],"line":221},"17":{"loc":{"start":{"line":223,"column":7},"end":{"line":234,"column":7}},"type":"cond-expr","locations":[{"start":{"line":224,"column":8},"end":{"line":229,"column":10}},{"start":{"line":231,"column":8},"end":{"line":233,"column":15}}],"line":223},"18":{"loc":{"start":{"line":232,"column":48},"end":{"line":232,"column":74}},"type":"binary-expr","locations":[{"start":{"line":232,"column":48},"end":{"line":232,"column":66}},{"start":{"line":232,"column":70},"end":{"line":232,"column":74}}],"line":232},"19":{"loc":{"start":{"line":238,"column":7},"end":{"line":246,"column":7}},"type":"cond-expr","locations":[{"start":{"line":239,"column":8},"end":{"line":241,"column":15}},{"start":{"line":243,"column":8},"end":{"line":245,"column":15}}],"line":238},"20":{"loc":{"start":{"line":354,"column":15},"end":{"line":354,"column":44}},"type":"cond-expr","locations":[{"start":{"line":354,"column":39},"end":{"line":354,"column":40}},{"start":{"line":354,"column":43},"end":{"line":354,"column":44}}],"line":354}},"s":{"0":0,"1":0,"2":0,"3":0,"4":0,"5":0,"6":0,"7":0,"8":0,"9":0,"10":0,"11":0,"12":0,"13":0,"14":0,"15":0,"16":0,"17":0,"18":0,"19":0,"20":0,"21":0,"22":0,"23":0,"24":0,"25":0,"26":0,"27":0,"28":0,"29":0,"30":0,"31":0,"32":0,"33":0,"34":0,"35":0,"36":0,"37":0,"38":0,"39":0,"40":0,"41":0,"42":0,"43":0,"44":0,"45":0,"46":0,"47":0,"48":0,"49":0,"50":0,"51":0,"52":0},"f":{"0":0,"1":0,"2":0,"3":0,"4":0,"5":0,"6":0,"7":0,"8":0,"9":0,"10":0,"11":0,"12":0,"13":0,"14":0,"15":0,"16":0,"17":0,"18":0,"19":0},"b":{"0":[0,0],"1":[0,0],"2":[0,0],"3":[0,0],"4":[0,0],"5":[0,0],"6":[0,0],"7":[0,0],"8":[0,0],"9":[0,0,0],"10":[0,0],"11":[0,0],"12":[0,0],"13":[0,0],"14":[0,0],"15":[0,0],"16":[0,0],"17":[0,0],"18":[0,0],"19":[0,0],"20":[0,0]}}
,"/home/norris/my-projects/freelancing/noble-bac-uemoa-v2/mobile/app/course-reader.tsx": {"path":"/home/norris/my-projects/freelancing/noble-bac-uemoa-v2/mobile/app/course-reader.tsx","statementMap":{"0":{"start":{"line":11,"column":20},"end":{"line":44,"column":1}},"1":{"start":{"line":47,"column":17},"end":{"line":47,"column":36}},"2":{"start":{"line":48,"column":17},"end":{"line":48,"column":28}},"3":{"start":{"line":49,"column":49},"end":{"line":49,"column":71}},"4":{"start":{"line":51,"column":2},"end":{"line":96,"column":4}},"5":{"start":{"line":61,"column":25},"end":{"line":61,"column":38}},"6":{"start":{"line":91,"column":23},"end":{"line":91,"column":50}},"7":{"start":{"line":99,"column":15},"end":{"line":167,"column":2}}},"fnMap":{"0":{"name":"CourseReaderScreen","decl":{"start":{"line":46,"column":24},"end":{"line":46,"column":42}},"loc":{"start":{"line":46,"column":45},"end":{"line":97,"column":1}},"line":46},"1":{"name":"(anonymous_1)","decl":{"start":{"line":61,"column":19},"end":{"line":61,"column":20}},"loc":{"start":{"line":61,"column":25},"end":{"line":61,"column":38}},"line":61},"2":{"name":"(anonymous_2)","decl":{"start":{"line":91,"column":17},"end":{"line":91,"column":18}},"loc":{"start":{"line":91,"column":23},"end":{"line":91,"column":50}},"line":91}},"branchMap":{"0":{"loc":{"start":{"line":49,"column":10},"end":{"line":49,"column":25}},"type":"default-arg","locations":[{"start":{"line":49,"column":18},"end":{"line":49,"column":25}}],"line":49},"1":{"loc":{"start":{"line":49,"column":27},"end":{"line":49,"column":44}},"type":"default-arg","locations":[{"start":{"line":49,"column":37},"end":{"line":49,"column":44}}],"line":49}},"s":{"0":0,"1":0,"2":0,"3":0,"4":0,"5":0,"6":0,"7":0},"f":{"0":0,"1":0,"2":0},"b":{"0":[0],"1":[0]}}
,"/home/norris/my-projects/freelancing/noble-bac-uemoa-v2/mobile/app/index.tsx": {"path":"/home/norris/my-projects/freelancing/noble-bac-uemoa-v2/mobile/app/index.tsx","statementMap":{"0":{"start":{"line":13,"column":17},"end":{"line":13,"column":28}},"1":{"start":{"line":14,"column":26},"end":{"line":14,"column":64}},"2":{"start":{"line":14,"column":46},"end":{"line":14,"column":63}},"3":{"start":{"line":16,"column":22},"end":{"line":16,"column":55}},"4":{"start":{"line":17,"column":24},"end":{"line":17,"column":55}},"5":{"start":{"line":18,"column":27},"end":{"line":18,"column":59}},"6":{"start":{"line":19,"column":24},"end":{"line":19,"column":55}},"7":{"start":{"line":20,"column":22},"end":{"line":20,"column":55}},"8":{"start":{"line":21,"column":24},"end":{"line":21,"column":55}},"9":{"start":{"line":23,"column":2},"end":{"line":52,"column":9}},"10":{"start":{"line":25,"column":4},"end":{"line":25,"column":94}},"11":{"start":{"line":26,"column":4},"end":{"line":26,"column":96}},"12":{"start":{"line":29,"column":4},"end":{"line":29,"column":132}},"13":{"start":{"line":29,"column":98},"end":{"line":29,"column":120}},"14":{"start":{"line":30,"column":4},"end":{"line":30,"column":95}},"15":{"start":{"line":33,"column":4},"end":{"line":33,"column":149}},"16":{"start":{"line":33,"column":115},"end":{"line":33,"column":137}},"17":{"start":{"line":34,"column":4},"end":{"line":34,"column":107}},"18":{"start":{"line":37,"column":18},"end":{"line":49,"column":12}},"19":{"start":{"line":39,"column":6},"end":{"line":42,"column":7}},"20":{"start":{"line":40,"column":8},"end":{"line":40,"column":34}},"21":{"start":{"line":41,"column":8},"end":{"line":41,"column":15}},"22":{"start":{"line":44,"column":6},"end":{"line":48,"column":7}},"23":{"start":{"line":45,"column":8},"end":{"line":45,"column":34}},"24":{"start":{"line":47,"column":8},"end":{"line":47,"column":35}},"25":{"start":{"line":51,"column":4},"end":{"line":51,"column":37}},"26":{"start":{"line":51,"column":17},"end":{"line":51,"column":36}},"27":{"start":{"line":54,"column":2},"end":{"line":85,"column":4}},"28":{"start":{"line":89,"column":20},"end":{"line":111,"column":1}},"29":{"start":{"line":90,"column":18},"end":{"line":90,"column":52}},"30":{"start":{"line":91,"column":20},"end":{"line":91,"column":54}},"31":{"start":{"line":93,"column":2},"end":{"line":108,"column":9}},"32":{"start":{"line":94,"column":17},"end":{"line":101,"column":5}},"33":{"start":{"line":103,"column":18},"end":{"line":103,"column":55}},"34":{"start":{"line":103,"column":35},"end":{"line":103,"column":47}},"35":{"start":{"line":104,"column":4},"end":{"line":107,"column":6}},"36":{"start":{"line":105,"column":6},"end":{"line":105,"column":26}},"37":{"start":{"line":106,"column":6},"end":{"line":106,"column":18}},"38":{"start":{"line":110,"column":2},"end":{"line":110,"column":85}},"39":{"start":{"line":113,"column":15},"end":{"line":174,"column":2}}},"fnMap":{"0":{"name":"SplashScreen","decl":{"start":{"line":12,"column":24},"end":{"line":12,"column":36}},"loc":{"start":{"line":12,"column":39},"end":{"line":86,"column":1}},"line":12},"1":{"name":"(anonymous_1)","decl":{"start":{"line":14,"column":39},"end":{"line":14,"column":40}},"loc":{"start":{"line":14,"column":46},"end":{"line":14,"column":63}},"line":14},"2":{"name":"(anonymous_2)","decl":{"start":{"line":23,"column":12},"end":{"line":23,"column":13}},"loc":{"start":{"line":23,"column":18},"end":{"line":52,"column":3}},"line":23},"3":{"name":"(anonymous_3)","decl":{"start":{"line":29,"column":91},"end":{"line":29,"column":92}},"loc":{"start":{"line":29,"column":98},"end":{"line":29,"column":120}},"line":29},"4":{"name":"(anonymous_4)","decl":{"start":{"line":33,"column":108},"end":{"line":33,"column":109}},"loc":{"start":{"line":33,"column":115},"end":{"line":33,"column":137}},"line":33},"5":{"name":"(anonymous_5)","decl":{"start":{"line":37,"column":29},"end":{"line":37,"column":30}},"loc":{"start":{"line":37,"column":35},"end":{"line":49,"column":5}},"line":37},"6":{"name":"(anonymous_6)","decl":{"start":{"line":51,"column":11},"end":{"line":51,"column":12}},"loc":{"start":{"line":51,"column":17},"end":{"line":51,"column":36}},"line":51},"7":{"name":"(anonymous_7)","decl":{"start":{"line":89,"column":20},"end":{"line":89,"column":21}},"loc":{"start":{"line":89,"column":54},"end":{"line":111,"column":1}},"line":89},"8":{"name":"(anonymous_8)","decl":{"start":{"line":93,"column":12},"end":{"line":93,"column":13}},"loc":{"start":{"line":93,"column":18},"end":{"line":108,"column":3}},"line":93},"9":{"name":"(anonymous_9)","decl":{"start":{"line":103,"column":29},"end":{"line":103,"column":30}},"loc":{"start":{"line":103,"column":35},"end":{"line":103,"column":47}},"line":103},"10":{"name":"(anonymous_10)","decl":{"start":{"line":104,"column":11},"end":{"line":104,"column":12}},"loc":{"start":{"line":104,"column":17},"end":{"line":107,"column":5}},"line":104}},"branchMap":{"0":{"loc":{"start":{"line":39,"column":6},"end":{"line":42,"column":7}},"type":"if","locations":[{"start":{"line":39,"column":6},"end":{"line":42,"column":7}},{"start":{},"end":{}}],"line":39},"1":{"loc":{"start":{"line":44,"column":6},"end":{"line":48,"column":7}},"type":"if","locations":[{"start":{"line":44,"column":6},"end":{"line":48,"column":7}},{"start":{"line":46,"column":13},"end":{"line":48,"column":7}}],"line":44}},"s":{"0":0,"1":0,"2":0,"3":0,"4":0,"5":0,"6":0,"7":0,"8":0,"9":0,"10":0,"11":0,"12":0,"13":0,"14":0,"15":0,"16":0,"17":0,"18":0,"19":0,"20":0,"21":0,"22":0,"23":0,"24":0,"25":0,"26":0,"27":0,"28":0,"29":0,"30":0,"31":0,"32":0,"33":0,"34":0,"35":0,"36":0,"37":0,"38":0,"39":0},"f":{"0":0,"1":0,"2":0,"3":0,"4":0,"5":0,"6":0,"7":0,"8":0,"9":0,"10":0},"b":{"0":[0,0],"1":[0,0]}}
,"/home/norris/my-projects/freelancing/noble-bac-uemoa-v2/mobile/app/landing.tsx": {"path":"/home/norris/my-projects/freelancing/noble-bac-uemoa-v2/mobile/app/landing.tsx","statementMap":{"0":{"start":{"line":11,"column":17},"end":{"line":11,"column":28}},"1":{"start":{"line":13,"column":17},"end":{"line":16,"column":4}},"2":{"start":{"line":14,"column":4},"end":{"line":14,"column":23}},"3":{"start":{"line":15,"column":4},"end":{"line":15,"column":18}},"4":{"start":{"line":18,"column":2},"end":{"line":56,"column":4}},"5":{"start":{"line":41,"column":27},"end":{"line":41,"column":56}},"6":{"start":{"line":49,"column":27},"end":{"line":49,"column":55}},"7":{"start":{"line":59,"column":15},"end":{"line":116,"column":2}}},"fnMap":{"0":{"name":"LandingScreen","decl":{"start":{"line":10,"column":24},"end":{"line":10,"column":37}},"loc":{"start":{"line":10,"column":40},"end":{"line":57,"column":1}},"line":10},"1":{"name":"(anonymous_1)","decl":{"start":{"line":13,"column":75},"end":{"line":13,"column":76}},"loc":{"start":{"line":13,"column":85},"end":{"line":16,"column":3}},"line":13},"2":{"name":"(anonymous_2)","decl":{"start":{"line":41,"column":21},"end":{"line":41,"column":22}},"loc":{"start":{"line":41,"column":27},"end":{"line":41,"column":56}},"line":41},"3":{"name":"(anonymous_3)","decl":{"start":{"line":49,"column":21},"end":{"line":49,"column":22}},"loc":{"start":{"line":49,"column":27},"end":{"line":49,"column":55}},"line":49}},"branchMap":{},"s":{"0":0,"1":0,"2":0,"3":0,"4":0,"5":0,"6":0,"7":0},"f":{"0":0,"1":0,"2":0,"3":0},"b":{}}
,"/home/norris/my-projects/freelancing/noble-bac-uemoa-v2/mobile/app/modal.tsx": {"path":"/home/norris/my-projects/freelancing/noble-bac-uemoa-v2/mobile/app/modal.tsx","statementMap":{"0":{"start":{"line":8,"column":2},"end":{"line":15,"column":4}},"1":{"start":{"line":18,"column":15},"end":{"line":29,"column":2}}},"fnMap":{"0":{"name":"ModalScreen","decl":{"start":{"line":7,"column":24},"end":{"line":7,"column":35}},"loc":{"start":{"line":7,"column":38},"end":{"line":16,"column":1}},"line":7}},"branchMap":{},"s":{"0":0,"1":0},"f":{"0":0},"b":{}}
,"/home/norris/my-projects/freelancing/noble-bac-uemoa-v2/mobile/app/onboarding.tsx": {"path":"/home/norris/my-projects/freelancing/noble-bac-uemoa-v2/mobile/app/onboarding.tsx","statementMap":{"0":{"start":{"line":10,"column":21},"end":{"line":10,"column":63}},"1":{"start":{"line":13,"column":17},"end":{"line":13,"column":28}},"2":{"start":{"line":15,"column":25},"end":{"line":22,"column":3}},"3":{"start":{"line":16,"column":4},"end":{"line":21,"column":5}},"4":{"start":{"line":17,"column":6},"end":{"line":17,"column":62}},"5":{"start":{"line":18,"column":6},"end":{"line":18,"column":32}},"6":{"start":{"line":20,"column":6},"end":{"line":20,"column":32}},"7":{"start":{"line":24,"column":22},"end":{"line":32,"column":3}},"8":{"start":{"line":25,"column":4},"end":{"line":31,"column":5}},"9":{"start":{"line":26,"column":6},"end":{"line":26,"column":62}},"10":{"start":{"line":28,"column":6},"end":{"line":28,"column":38}},"11":{"start":{"line":30,"column":6},"end":{"line":30,"column":38}},"12":{"start":{"line":35,"column":2},"end":{"line":37,"column":9}},"13":{"start":{"line":39,"column":2},"end":{"line":73,"column":4}},"14":{"start":{"line":76,"column":15},"end":{"line":136,"column":2}}},"fnMap":{"0":{"name":"LandingScreen","decl":{"start":{"line":12,"column":24},"end":{"line":12,"column":37}},"loc":{"start":{"line":12,"column":40},"end":{"line":74,"column":1}},"line":12},"1":{"name":"(anonymous_1)","decl":{"start":{"line":15,"column":25},"end":{"line":15,"column":26}},"loc":{"start":{"line":15,"column":37},"end":{"line":22,"column":3}},"line":15},"2":{"name":"(anonymous_2)","decl":{"start":{"line":24,"column":22},"end":{"line":24,"column":23}},"loc":{"start":{"line":24,"column":34},"end":{"line":32,"column":3}},"line":24},"3":{"name":"(anonymous_3)","decl":{"start":{"line":35,"column":12},"end":{"line":35,"column":13}},"loc":{"start":{"line":35,"column":18},"end":{"line":37,"column":3}},"line":35}},"branchMap":{},"s":{"0":0,"1":0,"2":0,"3":0,"4":0,"5":0,"6":0,"7":0,"8":0,"9":0,"10":0,"11":0,"12":0,"13":0,"14":0},"f":{"0":0,"1":0,"2":0,"3":0},"b":{}}
,"/home/norris/my-projects/freelancing/noble-bac-uemoa-v2/mobile/app/pdf-viewer.tsx": {"path":"/home/norris/my-projects/freelancing/noble-bac-uemoa-v2/mobile/app/pdf-viewer.tsx","statementMap":{"0":{"start":{"line":12,"column":17},"end":{"line":12,"column":28}},"1":{"start":{"line":13,"column":17},"end":{"line":13,"column":36}},"2":{"start":{"line":14,"column":54},"end":{"line":19,"column":6}},"3":{"start":{"line":21,"column":30},"end":{"line":21,"column":73}},"4":{"start":{"line":22,"column":32},"end":{"line":22,"column":46}},"5":{"start":{"line":23,"column":28},"end":{"line":23,"column":57}},"6":{"start":{"line":25,"column":2},"end":{"line":31,"column":27}},"7":{"start":{"line":26,"column":4},"end":{"line":30,"column":5}},"8":{"start":{"line":27,"column":6},"end":{"line":27,"column":22}},"9":{"start":{"line":28,"column":11},"end":{"line":30,"column":5}},"10":{"start":{"line":29,"column":6},"end":{"line":29,"column":24}},"11":{"start":{"line":33,"column":24},"end":{"line":47,"column":3}},"12":{"start":{"line":34,"column":4},"end":{"line":46,"column":5}},"13":{"start":{"line":35,"column":6},"end":{"line":35,"column":23}},"14":{"start":{"line":36,"column":24},"end":{"line":36,"column":77}},"15":{"start":{"line":37,"column":6},"end":{"line":37,"column":27}},"16":{"start":{"line":39,"column":6},"end":{"line":39,"column":52}},"17":{"start":{"line":40,"column":6},"end":{"line":43,"column":8}},"18":{"start":{"line":45,"column":6},"end":{"line":45,"column":24}},"19":{"start":{"line":49,"column":2},"end":{"line":58,"column":3}},"20":{"start":{"line":50,"column":4},"end":{"line":57,"column":6}},"21":{"start":{"line":53,"column":41},"end":{"line":53,"column":54}},"22":{"start":{"line":60,"column":2},"end":{"line":66,"column":3}},"23":{"start":{"line":61,"column":4},"end":{"line":65,"column":6}},"24":{"start":{"line":68,"column":2},"end":{"line":77,"column":3}},"25":{"start":{"line":69,"column":4},"end":{"line":76,"column":6}},"26":{"start":{"line":72,"column":41},"end":{"line":72,"column":54}},"27":{"start":{"line":80,"column":20},"end":{"line":82,"column":12}},"28":{"start":{"line":84,"column":2},"end":{"line":135,"column":4}},"29":{"start":{"line":94,"column":25},"end":{"line":94,"column":38}},"30":{"start":{"line":124,"column":29},"end":{"line":124,"column":45}},"31":{"start":{"line":125,"column":27},"end":{"line":125,"column":44}},"32":{"start":{"line":138,"column":15},"end":{"line":200,"column":2}}},"fnMap":{"0":{"name":"PdfViewerScreen","decl":{"start":{"line":11,"column":24},"end":{"line":11,"column":39}},"loc":{"start":{"line":11,"column":42},"end":{"line":136,"column":1}},"line":11},"1":{"name":"(anonymous_1)","decl":{"start":{"line":25,"column":12},"end":{"line":25,"column":13}},"loc":{"start":{"line":25,"column":18},"end":{"line":31,"column":3}},"line":25},"2":{"name":"(anonymous_2)","decl":{"start":{"line":33,"column":24},"end":{"line":33,"column":25}},"loc":{"start":{"line":33,"column":36},"end":{"line":47,"column":3}},"line":33},"3":{"name":"(anonymous_3)","decl":{"start":{"line":53,"column":35},"end":{"line":53,"column":36}},"loc":{"start":{"line":53,"column":41},"end":{"line":53,"column":54}},"line":53},"4":{"name":"(anonymous_4)","decl":{"start":{"line":72,"column":35},"end":{"line":72,"column":36}},"loc":{"start":{"line":72,"column":41},"end":{"line":72,"column":54}},"line":72},"5":{"name":"(anonymous_5)","decl":{"start":{"line":94,"column":19},"end":{"line":94,"column":20}},"loc":{"start":{"line":94,"column":25},"end":{"line":94,"column":38}},"line":94},"6":{"name":"(anonymous_6)","decl":{"start":{"line":124,"column":23},"end":{"line":124,"column":24}},"loc":{"start":{"line":124,"column":29},"end":{"line":124,"column":45}},"line":124},"7":{"name":"(anonymous_7)","decl":{"start":{"line":125,"column":21},"end":{"line":125,"column":22}},"loc":{"start":{"line":125,"column":27},"end":{"line":125,"column":44}},"line":125}},"branchMap":{"0":{"loc":{"start":{"line":21,"column":54},"end":{"line":21,"column":72}},"type":"binary-expr","locations":[{"start":{"line":21,"column":54},"end":{"line":21,"column":64}},{"start":{"line":21,"column":68},"end":{"line":21,"column":72}}],"line":21},"1":{"loc":{"start":{"line":26,"column":4},"end":{"line":30,"column":5}},"type":"if","locations":[{"start":{"line":26,"column":4},"end":{"line":30,"column":5}},{"start":{"line":28,"column":11},"end":{"line":30,"column":5}}],"line":26},"2":{"loc":{"start":{"line":26,"column":8},"end":{"line":26,"column":29}},"type":"binary-expr","locations":[{"start":{"line":26,"column":8},"end":{"line":26,"column":14}},{"start":{"line":26,"column":18},"end":{"line":26,"column":29}}],"line":26},"3":{"loc":{"start":{"line":28,"column":11},"end":{"line":30,"column":5}},"type":"if","locations":[{"start":{"line":28,"column":11},"end":{"line":30,"column":5}},{"start":{},"end":{}}],"line":28},"4":{"loc":{"start":{"line":40,"column":15},"end":{"line":42,"column":46}},"type":"cond-expr","locations":[{"start":{"line":41,"column":10},"end":{"line":41,"column":56}},{"start":{"line":42,"column":10},"end":{"line":42,"column":46}}],"line":40},"5":{"loc":{"start":{"line":49,"column":2},"end":{"line":58,"column":3}},"type":"if","locations":[{"start":{"line":49,"column":2},"end":{"line":58,"column":3}},{"start":{},"end":{}}],"line":49},"6":{"loc":{"start":{"line":60,"column":2},"end":{"line":66,"column":3}},"type":"if","locations":[{"start":{"line":60,"column":2},"end":{"line":66,"column":3}},{"start":{},"end":{}}],"line":60},"7":{"loc":{"start":{"line":60,"column":6},"end":{"line":60,"column":24}},"type":"binary-expr","locations":[{"start":{"line":60,"column":6},"end":{"line":60,"column":13}},{"start":{"line":60,"column":17},"end":{"line":60,"column":24}}],"line":60},"8":{"loc":{"start":{"line":68,"column":2},"end":{"line":77,"column":3}},"type":"if","locations":[{"start":{"line":68,"column":2},"end":{"line":77,"column":3}},{"start":{},"end":{}}],"line":68},"9":{"loc":{"start":{"line":80,"column":20},"end":{"line":82,"column":12}},"type":"cond-expr","locations":[{"start":{"line":81,"column":6},"end":{"line":81,"column":85}},{"start":{"line":82,"column":6},"end":{"line":82,"column":12}}],"line":80},"10":{"loc":{"start":{"line":102,"column":13},"end":{"line":102,"column":36}},"type":"binary-expr","locations":[{"start":{"line":102,"column":13},"end":{"line":102,"column":18}},{"start":{"line":102,"column":22},"end":{"line":102,"column":36}}],"line":102},"11":{"loc":{"start":{"line":104,"column":11},"end":{"line":108,"column":11}},"type":"binary-expr","locations":[{"start":{"line":104,"column":11},"end":{"line":104,"column":18}},{"start":{"line":105,"column":12},"end":{"line":107,"column":19}}],"line":104},"12":{"loc":{"start":{"line":114,"column":9},"end":{"line":119,"column":9}},"type":"binary-expr","locations":[{"start":{"line":114,"column":9},"end":{"line":114,"column":16}},{"start":{"line":115,"column":10},"end":{"line":118,"column":17}}],"line":114}},"s":{"0":0,"1":0,"2":0,"3":0,"4":0,"5":0,"6":0,"7":0,"8":0,"9":0,"10":0,"11":0,"12":0,"13":0,"14":0,"15":0,"16":0,"17":0,"18":0,"19":0,"20":0,"21":0,"22":0,"23":0,"24":0,"25":0,"26":0,"27":0,"28":0,"29":0,"30":0,"31":0,"32":0},"f":{"0":0,"1":0,"2":0,"3":0,"4":0,"5":0,"6":0,"7":0},"b":{"0":[0,0],"1":[0,0],"2":[0,0],"3":[0,0],"4":[0,0],"5":[0,0],"6":[0,0],"7":[0,0],"8":[0,0],"9":[0,0],"10":[0,0],"11":[0,0],"12":[0,0]}}
,"/home/norris/my-projects/freelancing/noble-bac-uemoa-v2/mobile/app/quiz-results.tsx": {"path":"/home/norris/my-projects/freelancing/noble-bac-uemoa-v2/mobile/app/quiz-results.tsx","statementMap":{"0":{"start":{"line":9,"column":17},"end":{"line":9,"column":28}},"1":{"start":{"line":10,"column":17},"end":{"line":10,"column":36}},"2":{"start":{"line":11,"column":39},"end":{"line":11,"column":61}},"3":{"start":{"line":12,"column":23},"end":{"line":12,"column":36}},"4":{"start":{"line":13,"column":23},"end":{"line":13,"column":36}},"5":{"start":{"line":14,"column":18},"end":{"line":14,"column":88}},"6":{"start":{"line":16,"column":23},"end":{"line":19,"column":3}},"7":{"start":{"line":18,"column":4},"end":{"line":18,"column":35}},"8":{"start":{"line":21,"column":22},"end":{"line":23,"column":3}},"9":{"start":{"line":22,"column":4},"end":{"line":22,"column":18}},"10":{"start":{"line":25,"column":2},"end":{"line":54,"column":4}},"11":{"start":{"line":44,"column":68},"end":{"line":44,"column":95}},"12":{"start":{"line":57,"column":15},"end":{"line":153,"column":2}}},"fnMap":{"0":{"name":"QuizResultsScreen","decl":{"start":{"line":8,"column":24},"end":{"line":8,"column":41}},"loc":{"start":{"line":8,"column":44},"end":{"line":55,"column":1}},"line":8},"1":{"name":"(anonymous_1)","decl":{"start":{"line":16,"column":23},"end":{"line":16,"column":24}},"loc":{"start":{"line":16,"column":29},"end":{"line":19,"column":3}},"line":16},"2":{"name":"(anonymous_2)","decl":{"start":{"line":21,"column":22},"end":{"line":21,"column":23}},"loc":{"start":{"line":21,"column":28},"end":{"line":23,"column":3}},"line":21},"3":{"name":"(anonymous_3)","decl":{"start":{"line":44,"column":62},"end":{"line":44,"column":63}},"loc":{"start":{"line":44,"column":68},"end":{"line":44,"column":95}},"line":44}},"branchMap":{"0":{"loc":{"start":{"line":11,"column":10},"end":{"line":11,"column":21}},"type":"default-arg","locations":[{"start":{"line":11,"column":18},"end":{"line":11,"column":21}}],"line":11},"1":{"loc":{"start":{"line":11,"column":23},"end":{"line":11,"column":34}},"type":"default-arg","locations":[{"start":{"line":11,"column":31},"end":{"line":11,"column":34}}],"line":11},"2":{"loc":{"start":{"line":14,"column":18},"end":{"line":14,"column":88}},"type":"cond-expr","locations":[{"start":{"line":14,"column":37},"end":{"line":14,"column":84}},{"start":{"line":14,"column":87},"end":{"line":14,"column":88}}],"line":14},"3":{"loc":{"start":{"line":41,"column":40},"end":{"line":41,"column":98}},"type":"cond-expr","locations":[{"start":{"line":41,"column":56},"end":{"line":41,"column":72}},{"start":{"line":41,"column":75},"end":{"line":41,"column":98}}],"line":41}},"s":{"0":0,"1":0,"2":0,"3":0,"4":0,"5":0,"6":0,"7":0,"8":0,"9":0,"10":0,"11":0,"12":0},"f":{"0":0,"1":0,"2":0,"3":0},"b":{"0":[0],"1":[0],"2":[0,0],"3":[0,0]}}
,"/home/norris/my-projects/freelancing/noble-bac-uemoa-v2/mobile/app/quiz-review.tsx": {"path":"/home/norris/my-projects/freelancing/noble-bac-uemoa-v2/mobile/app/quiz-review.tsx","statementMap":{"0":{"start":{"line":10,"column":17},"end":{"line":10,"column":36}},"1":{"start":{"line":11,"column":17},"end":{"line":11,"column":28}},"2":{"start":{"line":12,"column":26},"end":{"line":12,"column":40}},"3":{"start":{"line":14,"column":2},"end":{"line":23,"column":3}},"4":{"start":{"line":15,"column":4},"end":{"line":22,"column":6}},"5":{"start":{"line":18,"column":41},"end":{"line":18,"column":54}},"6":{"start":{"line":25,"column":51},"end":{"line":25,"column":62}},"7":{"start":{"line":27,"column":2},"end":{"line":110,"column":4}},"8":{"start":{"line":33,"column":41},"end":{"line":33,"column":54}},"9":{"start":{"line":45,"column":29},"end":{"line":45,"column":46}},"10":{"start":{"line":46,"column":28},"end":{"line":46,"column":52}},"11":{"start":{"line":48,"column":10},"end":{"line":106,"column":12}},"12":{"start":{"line":69,"column":39},"end":{"line":69,"column":57}},"13":{"start":{"line":70,"column":37},"end":{"line":70,"column":56}},"14":{"start":{"line":72,"column":33},"end":{"line":72,"column":46}},"15":{"start":{"line":73,"column":37},"end":{"line":73,"column":54}},"16":{"start":{"line":75,"column":18},"end":{"line":81,"column":19}},"17":{"start":{"line":76,"column":20},"end":{"line":76,"column":69}},"18":{"start":{"line":77,"column":20},"end":{"line":77,"column":81}},"19":{"start":{"line":78,"column":25},"end":{"line":81,"column":19}},"20":{"start":{"line":79,"column":20},"end":{"line":79,"column":67}},"21":{"start":{"line":80,"column":20},"end":{"line":80,"column":79}},"22":{"start":{"line":83,"column":18},"end":{"line":94,"column":20}},"23":{"start":{"line":113,"column":15},"end":{"line":288,"column":2}}},"fnMap":{"0":{"name":"QuizReviewScreen","decl":{"start":{"line":9,"column":24},"end":{"line":9,"column":40}},"loc":{"start":{"line":9,"column":43},"end":{"line":111,"column":1}},"line":9},"1":{"name":"(anonymous_1)","decl":{"start":{"line":18,"column":35},"end":{"line":18,"column":36}},"loc":{"start":{"line":18,"column":41},"end":{"line":18,"column":54}},"line":18},"2":{"name":"(anonymous_2)","decl":{"start":{"line":33,"column":35},"end":{"line":33,"column":36}},"loc":{"start":{"line":33,"column":41},"end":{"line":33,"column":54}},"line":33},"3":{"name":"(anonymous_3)","decl":{"start":{"line":44,"column":23},"end":{"line":44,"column":24}},"loc":{"start":{"line":44,"column":36},"end":{"line":107,"column":9}},"line":44},"4":{"name":"(anonymous_4)","decl":{"start":{"line":68,"column":31},"end":{"line":68,"column":32}},"loc":{"start":{"line":68,"column":46},"end":{"line":95,"column":17}},"line":68}},"branchMap":{"0":{"loc":{"start":{"line":14,"column":2},"end":{"line":23,"column":3}},"type":"if","locations":[{"start":{"line":14,"column":2},"end":{"line":23,"column":3}},{"start":{},"end":{}}],"line":14},"1":{"loc":{"start":{"line":52,"column":17},"end":{"line":62,"column":17}},"type":"cond-expr","locations":[{"start":{"line":53,"column":18},"end":{"line":56,"column":25}},{"start":{"line":58,"column":18},"end":{"line":61,"column":25}}],"line":52},"2":{"loc":{"start":{"line":75,"column":18},"end":{"line":81,"column":19}},"type":"if","locations":[{"start":{"line":75,"column":18},"end":{"line":81,"column":19}},{"start":{"line":78,"column":25},"end":{"line":81,"column":19}}],"line":75},"3":{"loc":{"start":{"line":78,"column":25},"end":{"line":81,"column":19}},"type":"if","locations":[{"start":{"line":78,"column":25},"end":{"line":81,"column":19}},{"start":{},"end":{}}],"line":78},"4":{"loc":{"start":{"line":78,"column":29},"end":{"line":78,"column":56}},"type":"binary-expr","locations":[{"start":{"line":78,"column":29},"end":{"line":78,"column":39}},{"start":{"line":78,"column":43},"end":{"line":78,"column":56}}],"line":78},"5":{"loc":{"start":{"line":85,"column":57},"end":{"line":85,"column":93}},"type":"binary-expr","locations":[{"start":{"line":85,"column":57},"end":{"line":85,"column":69}},{"start":{"line":85,"column":73},"end":{"line":85,"column":93}}],"line":85},"6":{"loc":{"start":{"line":85,"column":95},"end":{"line":85,"column":144}},"type":"binary-expr","locations":[{"start":{"line":85,"column":95},"end":{"line":85,"column":105}},{"start":{"line":85,"column":109},"end":{"line":85,"column":122}},{"start":{"line":85,"column":126},"end":{"line":85,"column":144}}],"line":85},"7":{"loc":{"start":{"line":86,"column":57},"end":{"line":86,"column":111}},"type":"binary-expr","locations":[{"start":{"line":86,"column":58},"end":{"line":86,"column":70}},{"start":{"line":86,"column":74},"end":{"line":86,"column":84}},{"start":{"line":86,"column":89},"end":{"line":86,"column":111}}],"line":86},"8":{"loc":{"start":{"line":91,"column":23},"end":{"line":91,"column":74}},"type":"binary-expr","locations":[{"start":{"line":91,"column":23},"end":{"line":91,"column":35}},{"start":{"line":91,"column":39},"end":{"line":91,"column":74}}],"line":91},"9":{"loc":{"start":{"line":92,"column":23},"end":{"line":92,"column":85}},"type":"binary-expr","locations":[{"start":{"line":92,"column":23},"end":{"line":92,"column":33}},{"start":{"line":92,"column":37},"end":{"line":92,"column":50}},{"start":{"line":92,"column":54},"end":{"line":92,"column":85}}],"line":92}},"s":{"0":0,"1":0,"2":0,"3":0,"4":0,"5":0,"6":0,"7":0,"8":0,"9":0,"10":0,"11":0,"12":0,"13":0,"14":0,"15":0,"16":0,"17":0,"18":0,"19":0,"20":0,"21":0,"22":0,"23":0},"f":{"0":0,"1":0,"2":0,"3":0,"4":0},"b":{"0":[0,0],"1":[0,0],"2":[0,0],"3":[0,0],"4":[0,0],"5":[0,0],"6":[0,0,0],"7":[0,0,0],"8":[0,0],"9":[0,0,0]}}
,"/home/norris/my-projects/freelancing/noble-bac-uemoa-v2/mobile/app/quiz-session.tsx": {"path":"/home/norris/my-projects/freelancing/noble-bac-uemoa-v2/mobile/app/quiz-session.tsx","statementMap":{"0":{"start":{"line":13,"column":17},"end":{"line":13,"column":36}},"1":{"start":{"line":14,"column":17},"end":{"line":14,"column":28}},"2":{"start":{"line":15,"column":47},"end":{"line":15,"column":69}},"3":{"start":{"line":17,"column":36},"end":{"line":17,"column":64}},"4":{"start":{"line":18,"column":32},"end":{"line":18,"column":66}},"5":{"start":{"line":19,"column":32},"end":{"line":19,"column":46}},"6":{"start":{"line":21,"column":24},"end":{"line":21,"column":35}},"7":{"start":{"line":22,"column":30},"end":{"line":22,"column":59}},"8":{"start":{"line":23,"column":34},"end":{"line":23,"column":49}},"9":{"start":{"line":24,"column":28},"end":{"line":24,"column":39}},"10":{"start":{"line":25,"column":40},"end":{"line":25,"column":110}},"11":{"start":{"line":27,"column":25},"end":{"line":27,"column":62}},"12":{"start":{"line":27,"column":45},"end":{"line":27,"column":61}},"13":{"start":{"line":29,"column":2},"end":{"line":31,"column":9}},"14":{"start":{"line":30,"column":4},"end":{"line":30,"column":15}},"15":{"start":{"line":33,"column":19},"end":{"line":53,"column":3}},"16":{"start":{"line":34,"column":4},"end":{"line":52,"column":5}},"17":{"start":{"line":35,"column":23},"end":{"line":35,"column":75}},"18":{"start":{"line":36,"column":6},"end":{"line":40,"column":7}},"19":{"start":{"line":37,"column":8},"end":{"line":37,"column":59}},"20":{"start":{"line":38,"column":8},"end":{"line":38,"column":22}},"21":{"start":{"line":39,"column":8},"end":{"line":39,"column":15}},"22":{"start":{"line":42,"column":19},"end":{"line":42,"column":65}},"23":{"start":{"line":43,"column":6},"end":{"line":43,"column":31}},"24":{"start":{"line":44,"column":6},"end":{"line":44,"column":35}},"25":{"start":{"line":45,"column":6},"end":{"line":45,"column":66}},"26":{"start":{"line":47,"column":6},"end":{"line":47,"column":47}},"27":{"start":{"line":48,"column":6},"end":{"line":48,"column":50}},"28":{"start":{"line":49,"column":6},"end":{"line":49,"column":20}},"29":{"start":{"line":51,"column":6},"end":{"line":51,"column":24}},"30":{"start":{"line":55,"column":16},"end":{"line":55,"column":32}},"31":{"start":{"line":56,"column":12},"end":{"line":56,"column":26}},"32":{"start":{"line":58,"column":21},"end":{"line":78,"column":3}},"33":{"start":{"line":59,"column":4},"end":{"line":59,"column":32}},"34":{"start":{"line":59,"column":25},"end":{"line":59,"column":32}},"35":{"start":{"line":60,"column":4},"end":{"line":60,"column":25}},"36":{"start":{"line":62,"column":27},"end":{"line":62,"column":54}},"37":{"start":{"line":64,"column":23},"end":{"line":64,"column":39}},"38":{"start":{"line":65,"column":4},"end":{"line":68,"column":6}},"39":{"start":{"line":69,"column":4},"end":{"line":69,"column":31}},"40":{"start":{"line":71,"column":4},"end":{"line":73,"column":5}},"41":{"start":{"line":72,"column":6},"end":{"line":72,"column":29}},"42":{"start":{"line":72,"column":22},"end":{"line":72,"column":27}},"43":{"start":{"line":75,"column":4},"end":{"line":77,"column":12}},"44":{"start":{"line":76,"column":6},"end":{"line":76,"column":24}},"45":{"start":{"line":80,"column":21},"end":{"line":109,"column":3}},"46":{"start":{"line":81,"column":4},"end":{"line":108,"column":5}},"47":{"start":{"line":82,"column":6},"end":{"line":82,"column":22}},"48":{"start":{"line":83,"column":6},"end":{"line":83,"column":22}},"49":{"start":{"line":84,"column":6},"end":{"line":84,"column":25}},"50":{"start":{"line":86,"column":6},"end":{"line":86,"column":23}},"51":{"start":{"line":87,"column":6},"end":{"line":107,"column":7}},"52":{"start":{"line":88,"column":8},"end":{"line":101,"column":9}},"53":{"start":{"line":89,"column":10},"end":{"line":89,"column":71}},"54":{"start":{"line":90,"column":31},"end":{"line":90,"column":74}},"55":{"start":{"line":92,"column":10},"end":{"line":92,"column":40}},"56":{"start":{"line":94,"column":10},"end":{"line":100,"column":13}},"57":{"start":{"line":103,"column":8},"end":{"line":103,"column":51}},"58":{"start":{"line":104,"column":8},"end":{"line":104,"column":64}},"59":{"start":{"line":106,"column":8},"end":{"line":106,"column":26}},"60":{"start":{"line":111,"column":2},"end":{"line":118,"column":3}},"61":{"start":{"line":112,"column":4},"end":{"line":117,"column":6}},"62":{"start":{"line":120,"column":2},"end":{"line":239,"column":4}},"63":{"start":{"line":126,"column":25},"end":{"line":126,"column":38}},"64":{"start":{"line":152,"column":29},"end":{"line":152,"column":41}},"65":{"start":{"line":153,"column":30},"end":{"line":153,"column":63}},"66":{"start":{"line":154,"column":32},"end":{"line":154,"column":59}},"67":{"start":{"line":156,"column":28},"end":{"line":156,"column":42}},"68":{"start":{"line":157,"column":28},"end":{"line":157,"column":42}},"69":{"start":{"line":158,"column":32},"end":{"line":158,"column":50}},"70":{"start":{"line":159,"column":32},"end":{"line":159,"column":50}},"71":{"start":{"line":161,"column":12},"end":{"line":171,"column":13}},"72":{"start":{"line":162,"column":14},"end":{"line":162,"column":48}},"73":{"start":{"line":163,"column":14},"end":{"line":163,"column":46}},"74":{"start":{"line":164,"column":14},"end":{"line":164,"column":60}},"75":{"start":{"line":165,"column":14},"end":{"line":165,"column":54}},"76":{"start":{"line":166,"column":19},"end":{"line":171,"column":13}},"77":{"start":{"line":167,"column":14},"end":{"line":167,"column":46}},"78":{"start":{"line":168,"column":14},"end":{"line":168,"column":46}},"79":{"start":{"line":169,"column":14},"end":{"line":169,"column":60}},"80":{"start":{"line":170,"column":14},"end":{"line":170,"column":54}},"81":{"start":{"line":173,"column":12},"end":{"line":195,"column":14}},"82":{"start":{"line":176,"column":31},"end":{"line":176,"column":44}},"83":{"start":{"line":242,"column":15},"end":{"line":474,"column":2}}},"fnMap":{"0":{"name":"QuizSessionScreen","decl":{"start":{"line":12,"column":24},"end":{"line":12,"column":41}},"loc":{"start":{"line":12,"column":44},"end":{"line":240,"column":1}},"line":12},"1":{"name":"(anonymous_1)","decl":{"start":{"line":27,"column":38},"end":{"line":27,"column":39}},"loc":{"start":{"line":27,"column":45},"end":{"line":27,"column":61}},"line":27},"2":{"name":"(anonymous_2)","decl":{"start":{"line":29,"column":12},"end":{"line":29,"column":13}},"loc":{"start":{"line":29,"column":18},"end":{"line":31,"column":3}},"line":29},"3":{"name":"(anonymous_3)","decl":{"start":{"line":33,"column":19},"end":{"line":33,"column":20}},"loc":{"start":{"line":33,"column":31},"end":{"line":53,"column":3}},"line":33},"4":{"name":"(anonymous_4)","decl":{"start":{"line":58,"column":21},"end":{"line":58,"column":22}},"loc":{"start":{"line":58,"column":44},"end":{"line":78,"column":3}},"line":58},"5":{"name":"(anonymous_5)","decl":{"start":{"line":72,"column":15},"end":{"line":72,"column":16}},"loc":{"start":{"line":72,"column":22},"end":{"line":72,"column":27}},"line":72},"6":{"name":"(anonymous_6)","decl":{"start":{"line":75,"column":15},"end":{"line":75,"column":16}},"loc":{"start":{"line":75,"column":21},"end":{"line":77,"column":5}},"line":75},"7":{"name":"(anonymous_7)","decl":{"start":{"line":80,"column":21},"end":{"line":80,"column":22}},"loc":{"start":{"line":80,"column":33},"end":{"line":109,"column":3}},"line":80},"8":{"name":"(anonymous_8)","decl":{"start":{"line":126,"column":19},"end":{"line":126,"column":20}},"loc":{"start":{"line":126,"column":25},"end":{"line":126,"column":38}},"line":126},"9":{"name":"(anonymous_9)","decl":{"start":{"line":151,"column":32},"end":{"line":151,"column":33}},"loc":{"start":{"line":151,"column":44},"end":{"line":196,"column":11}},"line":151},"10":{"name":"(anonymous_10)","decl":{"start":{"line":176,"column":25},"end":{"line":176,"column":26}},"loc":{"start":{"line":176,"column":31},"end":{"line":176,"column":44}},"line":176}},"branchMap":{"0":{"loc":{"start":{"line":15,"column":21},"end":{"line":15,"column":42}},"type":"default-arg","locations":[{"start":{"line":15,"column":36},"end":{"line":15,"column":42}}],"line":15},"1":{"loc":{"start":{"line":36,"column":6},"end":{"line":40,"column":7}},"type":"if","locations":[{"start":{"line":36,"column":6},"end":{"line":40,"column":7}},{"start":{},"end":{}}],"line":36},"2":{"loc":{"start":{"line":59,"column":4},"end":{"line":59,"column":32}},"type":"if","locations":[{"start":{"line":59,"column":4},"end":{"line":59,"column":32}},{"start":{},"end":{}}],"line":59},"3":{"loc":{"start":{"line":71,"column":4},"end":{"line":73,"column":5}},"type":"if","locations":[{"start":{"line":71,"column":4},"end":{"line":73,"column":5}},{"start":{},"end":{}}],"line":71},"4":{"loc":{"start":{"line":81,"column":4},"end":{"line":108,"column":5}},"type":"if","locations":[{"start":{"line":81,"column":4},"end":{"line":108,"column":5}},{"start":{"line":85,"column":11},"end":{"line":108,"column":5}}],"line":81},"5":{"loc":{"start":{"line":88,"column":8},"end":{"line":101,"column":9}},"type":"if","locations":[{"start":{"line":88,"column":8},"end":{"line":101,"column":9}},{"start":{},"end":{}}],"line":88},"6":{"loc":{"start":{"line":111,"column":2},"end":{"line":118,"column":3}},"type":"if","locations":[{"start":{"line":111,"column":2},"end":{"line":118,"column":3}},{"start":{},"end":{}}],"line":111},"7":{"loc":{"start":{"line":111,"column":6},"end":{"line":111,"column":25}},"type":"binary-expr","locations":[{"start":{"line":111,"column":6},"end":{"line":111,"column":13}},{"start":{"line":111,"column":17},"end":{"line":111,"column":25}}],"line":111},"8":{"loc":{"start":{"line":153,"column":30},"end":{"line":153,"column":63}},"type":"binary-expr","locations":[{"start":{"line":153,"column":30},"end":{"line":153,"column":45}},{"start":{"line":153,"column":49},"end":{"line":153,"column":63}}],"line":153},"9":{"loc":{"start":{"line":154,"column":32},"end":{"line":154,"column":59}},"type":"binary-expr","locations":[{"start":{"line":154,"column":32},"end":{"line":154,"column":40}},{"start":{"line":154,"column":44},"end":{"line":154,"column":59}}],"line":154},"10":{"loc":{"start":{"line":161,"column":12},"end":{"line":171,"column":13}},"type":"if","locations":[{"start":{"line":161,"column":12},"end":{"line":171,"column":13}},{"start":{"line":166,"column":19},"end":{"line":171,"column":13}}],"line":161},"11":{"loc":{"start":{"line":166,"column":19},"end":{"line":171,"column":13}},"type":"if","locations":[{"start":{"line":166,"column":19},"end":{"line":171,"column":13}},{"start":{},"end":{}}],"line":166},"12":{"loc":{"start":{"line":181,"column":18},"end":{"line":181,"column":69}},"type":"binary-expr","locations":[{"start":{"line":181,"column":18},"end":{"line":181,"column":26}},{"start":{"line":181,"column":30},"end":{"line":181,"column":45}},{"start":{"line":181,"column":49},"end":{"line":181,"column":69}}],"line":181},"13":{"loc":{"start":{"line":185,"column":19},"end":{"line":191,"column":19}},"type":"cond-expr","locations":[{"start":{"line":186,"column":20},"end":{"line":186,"column":68}},{"start":{"line":187,"column":22},"end":{"line":191,"column":19}}],"line":185},"14":{"loc":{"start":{"line":187,"column":22},"end":{"line":191,"column":19}},"type":"cond-expr","locations":[{"start":{"line":188,"column":20},"end":{"line":188,"column":64}},{"start":{"line":190,"column":20},"end":{"line":190,"column":84}}],"line":187},"15":{"loc":{"start":{"line":200,"column":7},"end":{"line":237,"column":7}},"type":"binary-expr","locations":[{"start":{"line":200,"column":7},"end":{"line":200,"column":15}},{"start":{"line":201,"column":8},"end":{"line":236,"column":24}}],"line":200},"16":{"loc":{"start":{"line":206,"column":45},"end":{"line":206,"column":133}},"type":"cond-expr","locations":[{"start":{"line":206,"column":84},"end":{"line":206,"column":108}},{"start":{"line":206,"column":111},"end":{"line":206,"column":133}}],"line":206},"17":{"loc":{"start":{"line":207,"column":15},"end":{"line":211,"column":15}},"type":"cond-expr","locations":[{"start":{"line":208,"column":16},"end":{"line":208,"column":67}},{"start":{"line":210,"column":16},"end":{"line":210,"column":65}}],"line":207},"18":{"loc":{"start":{"line":213,"column":46},"end":{"line":213,"column":136}},"type":"cond-expr","locations":[{"start":{"line":213,"column":85},"end":{"line":213,"column":110}},{"start":{"line":213,"column":113},"end":{"line":213,"column":136}}],"line":213},"19":{"loc":{"start":{"line":214,"column":15},"end":{"line":214,"column":91}},"type":"cond-expr","locations":[{"start":{"line":214,"column":54},"end":{"line":214,"column":71}},{"start":{"line":214,"column":74},"end":{"line":214,"column":91}}],"line":214},"20":{"loc":{"start":{"line":219,"column":13},"end":{"line":219,"column":85}},"type":"binary-expr","locations":[{"start":{"line":219,"column":13},"end":{"line":219,"column":50}},{"start":{"line":219,"column":54},"end":{"line":219,"column":85}}],"line":219},"21":{"loc":{"start":{"line":223,"column":36},"end":{"line":223,"column":63}},"type":"binary-expr","locations":[{"start":{"line":223,"column":36},"end":{"line":223,"column":43}},{"start":{"line":223,"column":47},"end":{"line":223,"column":63}}],"line":223},"22":{"loc":{"start":{"line":228,"column":13},"end":{"line":234,"column":13}},"type":"cond-expr","locations":[{"start":{"line":229,"column":14},"end":{"line":229,"column":48}},{"start":{"line":231,"column":14},"end":{"line":233,"column":21}}],"line":228},"23":{"loc":{"start":{"line":232,"column":17},"end":{"line":232,"column":75}},"type":"cond-expr","locations":[{"start":{"line":232,"column":37},"end":{"line":232,"column":53}},{"start":{"line":232,"column":56},"end":{"line":232,"column":75}}],"line":232},"24":{"loc":{"start":{"line":443,"column":15},"end":{"line":443,"column":44}},"type":"cond-expr","locations":[{"start":{"line":443,"column":39},"end":{"line":443,"column":40}},{"start":{"line":443,"column":43},"end":{"line":443,"column":44}}],"line":443}},"s":{"0":0,"1":0,"2":0,"3":0,"4":0,"5":0,"6":0,"7":0,"8":0,"9":0,"10":0,"11":0,"12":0,"13":0,"14":0,"15":0,"16":0,"17":0,"18":0,"19":0,"20":0,"21":0,"22":0,"23":0,"24":0,"25":0,"26":0,"27":0,"28":0,"29":0,"30":0,"31":0,"32":0,"33":0,"34":0,"35":0,"36":0,"37":0,"38":0,"39":0,"40":0,"41":0,"42":0,"43":0,"44":0,"45":0,"46":0,"47":0,"48":0,"49":0,"50":0,"51":0,"52":0,"53":0,"54":0,"55":0,"56":0,"57":0,"58":0,"59":0,"60":0,"61":0,"62":0,"63":0,"64":0,"65":0,"66":0,"67":0,"68":0,"69":0,"70":0,"71":0,"72":0,"73":0,"74":0,"75":0,"76":0,"77":0,"78":0,"79":0,"80":0,"81":0,"82":0,"83":0},"f":{"0":0,"1":0,"2":0,"3":0,"4":0,"5":0,"6":0,"7":0,"8":0,"9":0,"10":0},"b":{"0":[0],"1":[0,0],"2":[0,0],"3":[0,0],"4":[0,0],"5":[0,0],"6":[0,0],"7":[0,0],"8":[0,0],"9":[0,0],"10":[0,0],"11":[0,0],"12":[0,0,0],"13":[0,0],"14":[0,0],"15":[0,0],"16":[0,0],"17":[0,0],"18":[0,0],"19":[0,0],"20":[0,0],"21":[0,0],"22":[0,0],"23":[0,0],"24":[0,0]}}
,"/home/norris/my-projects/freelancing/noble-bac-uemoa-v2/mobile/app/splash-screen.tsx": {"path":"/home/norris/my-projects/freelancing/noble-bac-uemoa-v2/mobile/app/splash-screen.tsx","statementMap":{"0":{"start":{"line":9,"column":13},"end":{"line":9,"column":49}},"1":{"start":{"line":12,"column":17},"end":{"line":12,"column":28}},"2":{"start":{"line":14,"column":2},"end":{"line":28,"column":9}},"3":{"start":{"line":15,"column":18},"end":{"line":26,"column":12}},"4":{"start":{"line":16,"column":6},"end":{"line":25,"column":7}},"5":{"start":{"line":17,"column":21},"end":{"line":17,"column":68}},"6":{"start":{"line":18,"column":8},"end":{"line":22,"column":9}},"7":{"start":{"line":19,"column":10},"end":{"line":19,"column":36}},"8":{"start":{"line":21,"column":10},"end":{"line":21,"column":40}},"9":{"start":{"line":24,"column":8},"end":{"line":24,"column":38}},"10":{"start":{"line":27,"column":4},"end":{"line":27,"column":37}},"11":{"start":{"line":27,"column":17},"end":{"line":27,"column":36}},"12":{"start":{"line":30,"column":2},"end":{"line":57,"column":4}},"13":{"start":{"line":53,"column":10},"end":{"line":53,"column":41}},"14":{"start":{"line":63,"column":12},"end":{"line":83,"column":1}},"15":{"start":{"line":64,"column":18},"end":{"line":64,"column":37}},"16":{"start":{"line":66,"column":2},"end":{"line":75,"column":9}},"17":{"start":{"line":67,"column":4},"end":{"line":74,"column":7}},"18":{"start":{"line":77,"column":24},"end":{"line":80,"column":5}},"19":{"start":{"line":77,"column":48},"end":{"line":80,"column":3}},"20":{"start":{"line":82,"column":2},"end":{"line":82,"column":63}},"21":{"start":{"line":85,"column":21},"end":{"line":92,"column":1}},"22":{"start":{"line":86,"column":2},"end":{"line":91,"column":18}},"23":{"start":{"line":94,"column":15},"end":{"line":164,"column":2}}},"fnMap":{"0":{"name":"SplashScreen","decl":{"start":{"line":11,"column":24},"end":{"line":11,"column":36}},"loc":{"start":{"line":11,"column":39},"end":{"line":58,"column":1}},"line":11},"1":{"name":"(anonymous_1)","decl":{"start":{"line":14,"column":12},"end":{"line":14,"column":13}},"loc":{"start":{"line":14,"column":18},"end":{"line":28,"column":3}},"line":14},"2":{"name":"(anonymous_2)","decl":{"start":{"line":15,"column":29},"end":{"line":15,"column":30}},"loc":{"start":{"line":15,"column":41},"end":{"line":26,"column":5}},"line":15},"3":{"name":"(anonymous_3)","decl":{"start":{"line":27,"column":11},"end":{"line":27,"column":12}},"loc":{"start":{"line":27,"column":17},"end":{"line":27,"column":36}},"line":27},"4":{"name":"(anonymous_4)","decl":{"start":{"line":52,"column":23},"end":{"line":52,"column":24}},"loc":{"start":{"line":53,"column":10},"end":{"line":53,"column":41}},"line":53},"5":{"name":"(anonymous_5)","decl":{"start":{"line":63,"column":12},"end":{"line":63,"column":13}},"loc":{"start":{"line":63,"column":46},"end":{"line":83,"column":1}},"line":63},"6":{"name":"(anonymous_6)","decl":{"start":{"line":66,"column":12},"end":{"line":66,"column":13}},"loc":{"start":{"line":66,"column":18},"end":{"line":75,"column":3}},"line":66},"7":{"name":"(anonymous_7)","decl":{"start":{"line":77,"column":41},"end":{"line":77,"column":42}},"loc":{"start":{"line":77,"column":48},"end":{"line":80,"column":3}},"line":77},"8":{"name":"(anonymous_8)","decl":{"start":{"line":85,"column":21},"end":{"line":85,"column":22}},"loc":{"start":{"line":86,"column":2},"end":{"line":91,"column":18}},"line":86}},"branchMap":{"0":{"loc":{"start":{"line":18,"column":8},"end":{"line":22,"column":9}},"type":"if","locations":[{"start":{"line":18,"column":8},"end":{"line":22,"column":9}},{"start":{"line":20,"column":15},"end":{"line":22,"column":9}}],"line":18},"1":{"loc":{"start":{"line":87,"column":43},"end":{"line":87,"column":60}},"type":"cond-expr","locations":[{"start":{"line":87,"column":51},"end":{"line":87,"column":54}},{"start":{"line":87,"column":57},"end":{"line":87,"column":60}}],"line":87},"2":{"loc":{"start":{"line":88,"column":11},"end":{"line":88,"column":49}},"type":"cond-expr","locations":[{"start":{"line":88,"column":19},"end":{"line":88,"column":34}},{"start":{"line":88,"column":37},"end":{"line":88,"column":49}}],"line":88}},"s":{"0":0,"1":0,"2":0,"3":0,"4":0,"5":0,"6":0,"7":0,"8":0,"9":0,"10":0,"11":0,"12":0,"13":0,"14":0,"15":0,"16":0,"17":0,"18":0,"19":0,"20":0,"21":0,"22":0,"23":0},"f":{"0":0,"1":0,"2":0,"3":0,"4":0,"5":0,"6":0,"7":0,"8":0},"b":{"0":[0,0],"1":[0,0],"2":[0,0]}}
,"/home/norris/my-projects/freelancing/noble-bac-uemoa-v2/mobile/app/(auth)/_layout.tsx": {"path":"/home/norris/my-projects/freelancing/noble-bac-uemoa-v2/mobile/app/(auth)/_layout.tsx","statementMap":{"0":{"start":{"line":4,"column":2},"end":{"line":16,"column":4}}},"fnMap":{"0":{"name":"AuthLayout","decl":{"start":{"line":3,"column":24},"end":{"line":3,"column":34}},"loc":{"start":{"line":3,"column":37},"end":{"line":17,"column":1}},"line":3}},"branchMap":{},"s":{"0":0},"f":{"0":0},"b":{}}
,"/home/norris/my-projects/freelancing/noble-bac-uemoa-v2/mobile/app/(auth)/congrats.tsx": {"path":"/home/norris/my-projects/freelancing/noble-bac-uemoa-v2/mobile/app/(auth)/congrats.tsx","statementMap":{"0":{"start":{"line":9,"column":18},"end":{"line":9,"column":42}},"1":{"start":{"line":10,"column":19},"end":{"line":10,"column":31}},"2":{"start":{"line":12,"column":21},"end":{"line":25,"column":1}},"3":{"start":{"line":27,"column":24},"end":{"line":66,"column":1}},"4":{"start":{"line":28,"column":2},"end":{"line":65,"column":9}},"5":{"start":{"line":58,"column":8},"end":{"line":58,"column":65}},"6":{"start":{"line":69,"column":17},"end":{"line":69,"column":28}},"7":{"start":{"line":70,"column":17},"end":{"line":70,"column":36}},"8":{"start":{"line":71,"column":36},"end":{"line":71,"column":47}},"9":{"start":{"line":73,"column":23},"end":{"line":76,"column":3}},"10":{"start":{"line":74,"column":14},"end":{"line":74,"column":47}},"11":{"start":{"line":75,"column":4},"end":{"line":75,"column":45}},"12":{"start":{"line":78,"column":2},"end":{"line":142,"column":4}},"13":{"start":{"line":118,"column":12},"end":{"line":118,"column":48}},"14":{"start":{"line":124,"column":12},"end":{"line":127,"column":14}},"15":{"start":{"line":137,"column":31},"end":{"line":137,"column":56}}},"fnMap":{"0":{"name":"(anonymous_0)","decl":{"start":{"line":27,"column":24},"end":{"line":27,"column":25}},"loc":{"start":{"line":28,"column":2},"end":{"line":65,"column":9}},"line":28},"1":{"name":"(anonymous_1)","decl":{"start":{"line":57,"column":27},"end":{"line":57,"column":28}},"loc":{"start":{"line":58,"column":8},"end":{"line":58,"column":65}},"line":58},"2":{"name":"CongratsScreen","decl":{"start":{"line":68,"column":24},"end":{"line":68,"column":38}},"loc":{"start":{"line":68,"column":41},"end":{"line":143,"column":1}},"line":68},"3":{"name":"(anonymous_3)","decl":{"start":{"line":73,"column":23},"end":{"line":73,"column":24}},"loc":{"start":{"line":73,"column":39},"end":{"line":76,"column":3}},"line":73},"4":{"name":"(anonymous_4)","decl":{"start":{"line":117,"column":28},"end":{"line":117,"column":29}},"loc":{"start":{"line":118,"column":12},"end":{"line":118,"column":48}},"line":118},"5":{"name":"(anonymous_5)","decl":{"start":{"line":123,"column":28},"end":{"line":123,"column":29}},"loc":{"start":{"line":124,"column":12},"end":{"line":127,"column":14}},"line":124},"6":{"name":"(anonymous_6)","decl":{"start":{"line":137,"column":25},"end":{"line":137,"column":26}},"loc":{"start":{"line":137,"column":31},"end":{"line":137,"column":56}},"line":137}},"branchMap":{"0":{"loc":{"start":{"line":126,"column":45},"end":{"line":126,"column":109}},"type":"cond-expr","locations":[{"start":{"line":126,"column":63},"end":{"line":126,"column":88}},{"start":{"line":126,"column":91},"end":{"line":126,"column":109}}],"line":126}},"s":{"0":0,"1":0,"2":0,"3":0,"4":0,"5":0,"6":0,"7":0,"8":0,"9":0,"10":0,"11":0,"12":0,"13":0,"14":0,"15":0},"f":{"0":0,"1":0,"2":0,"3":0,"4":0,"5":0,"6":0},"b":{"0":[0,0]}}
,"/home/norris/my-projects/freelancing/noble-bac-uemoa-v2/mobile/app/(auth)/login.tsx": {"path":"/home/norris/my-projects/freelancing/noble-bac-uemoa-v2/mobile/app/(auth)/login.tsx","statementMap":{"0":{"start":{"line":13,"column":21},"end":{"line":13,"column":27}},"1":{"start":{"line":16,"column":17},"end":{"line":16,"column":28}},"2":{"start":{"line":17,"column":18},"end":{"line":17,"column":48}},"3":{"start":{"line":17,"column":38},"end":{"line":17,"column":47}},"4":{"start":{"line":19,"column":28},"end":{"line":19,"column":40}},"5":{"start":{"line":20,"column":34},"end":{"line":20,"column":46}},"6":{"start":{"line":21,"column":32},"end":{"line":21,"column":47}},"7":{"start":{"line":24,"column":20},"end":{"line":24,"column":64}},"8":{"start":{"line":25,"column":18},"end":{"line":25,"column":59}},"9":{"start":{"line":27,"column":32},"end":{"line":36,"column":4}},"10":{"start":{"line":28,"column":22},"end":{"line":28,"column":59}},"11":{"start":{"line":30,"column":6},"end":{"line":30,"column":51}},"12":{"start":{"line":34,"column":6},"end":{"line":34,"column":66}},"13":{"start":{"line":38,"column":2},"end":{"line":105,"column":4}},"14":{"start":{"line":40,"column":46},"end":{"line":40,"column":59}},"15":{"start":{"line":75,"column":47},"end":{"line":75,"column":68}},"16":{"start":{"line":75,"column":65},"end":{"line":75,"column":67}},"17":{"start":{"line":83,"column":27},"end":{"line":83,"column":56}},"18":{"start":{"line":90,"column":33},"end":{"line":90,"column":41}},"19":{"start":{"line":96,"column":45},"end":{"line":96,"column":74}}},"fnMap":{"0":{"name":"LoginScreen","decl":{"start":{"line":15,"column":24},"end":{"line":15,"column":35}},"loc":{"start":{"line":15,"column":38},"end":{"line":106,"column":1}},"line":15},"1":{"name":"(anonymous_1)","decl":{"start":{"line":17,"column":31},"end":{"line":17,"column":32}},"loc":{"start":{"line":17,"column":38},"end":{"line":17,"column":47}},"line":17},"2":{"name":"(anonymous_2)","decl":{"start":{"line":28,"column":16},"end":{"line":28,"column":17}},"loc":{"start":{"line":28,"column":22},"end":{"line":28,"column":59}},"line":28},"3":{"name":"(anonymous_3)","decl":{"start":{"line":29,"column":15},"end":{"line":29,"column":16}},"loc":{"start":{"line":29,"column":30},"end":{"line":32,"column":5}},"line":29},"4":{"name":"(anonymous_4)","decl":{"start":{"line":33,"column":13},"end":{"line":33,"column":14}},"loc":{"start":{"line":33,"column":24},"end":{"line":35,"column":5}},"line":33},"5":{"name":"(anonymous_5)","decl":{"start":{"line":40,"column":40},"end":{"line":40,"column":41}},"loc":{"start":{"line":40,"column":46},"end":{"line":40,"column":59}},"line":40},"6":{"name":"(anonymous_6)","decl":{"start":{"line":75,"column":41},"end":{"line":75,"column":42}},"loc":{"start":{"line":75,"column":47},"end":{"line":75,"column":68}},"line":75},"7":{"name":"(anonymous_7)","decl":{"start":{"line":75,"column":58},"end":{"line":75,"column":59}},"loc":{"start":{"line":75,"column":65},"end":{"line":75,"column":67}},"line":75},"8":{"name":"(anonymous_8)","decl":{"start":{"line":83,"column":21},"end":{"line":83,"column":22}},"loc":{"start":{"line":83,"column":27},"end":{"line":83,"column":56}},"line":83},"9":{"name":"(anonymous_9)","decl":{"start":{"line":90,"column":27},"end":{"line":90,"column":28}},"loc":{"start":{"line":90,"column":33},"end":{"line":90,"column":41}},"line":90},"10":{"name":"(anonymous_10)","decl":{"start":{"line":96,"column":39},"end":{"line":96,"column":40}},"loc":{"start":{"line":96,"column":45},"end":{"line":96,"column":74}},"line":96}},"branchMap":{"0":{"loc":{"start":{"line":25,"column":18},"end":{"line":25,"column":59}},"type":"binary-expr","locations":[{"start":{"line":25,"column":18},"end":{"line":25,"column":35}},{"start":{"line":25,"column":39},"end":{"line":25,"column":59}}],"line":25},"1":{"loc":{"start":{"line":43,"column":18},"end":{"line":43,"column":62}},"type":"cond-expr","locations":[{"start":{"line":43,"column":42},"end":{"line":43,"column":51}},{"start":{"line":43,"column":54},"end":{"line":43,"column":62}}],"line":43},"2":{"loc":{"start":{"line":76,"column":17},"end":{"line":76,"column":99}},"type":"cond-expr","locations":[{"start":{"line":76,"column":27},"end":{"line":76,"column":63}},{"start":{"line":76,"column":66},"end":{"line":76,"column":99}}],"line":76}},"s":{"0":0,"1":0,"2":0,"3":0,"4":0,"5":0,"6":0,"7":0,"8":0,"9":0,"10":0,"11":0,"12":0,"13":0,"14":0,"15":0,"16":0,"17":0,"18":0,"19":0},"f":{"0":0,"1":0,"2":0,"3":0,"4":0,"5":0,"6":0,"7":0,"8":0,"9":0,"10":0},"b":{"0":[0,0],"1":[0,0],"2":[0,0]}}
,"/home/norris/my-projects/freelancing/noble-bac-uemoa-v2/mobile/app/(auth)/signup.tsx": {"path":"/home/norris/my-projects/freelancing/noble-bac-uemoa-v2/mobile/app/(auth)/signup.tsx","statementMap":{"0":{"start":{"line":19,"column":17},"end":{"line":19,"column":28}},"1":{"start":{"line":22,"column":36},"end":{"line":22,"column":48}},"2":{"start":{"line":23,"column":34},"end":{"line":23,"column":46}},"3":{"start":{"line":24,"column":28},"end":{"line":24,"column":40}},"4":{"start":{"line":25,"column":34},"end":{"line":25,"column":46}},"5":{"start":{"line":26,"column":28},"end":{"line":26,"column":43}},"6":{"start":{"line":27,"column":40},"end":{"line":27,"column":76}},"7":{"start":{"line":30,"column":32},"end":{"line":30,"column":62}},"8":{"start":{"line":31,"column":30},"end":{"line":31,"column":59}},"9":{"start":{"line":32,"column":52},"end":{"line":32,"column":67}},"10":{"start":{"line":33,"column":50},"end":{"line":33,"column":65}},"11":{"start":{"line":36,"column":64},"end":{"line":40,"column":4}},"12":{"start":{"line":42,"column":20},"end":{"line":42,"column":77}},"13":{"start":{"line":44,"column":4},"end":{"line":50,"column":9}},"14":{"start":{"line":53,"column":32},"end":{"line":75,"column":4}},"15":{"start":{"line":55,"column":6},"end":{"line":62,"column":8}},"16":{"start":{"line":65,"column":6},"end":{"line":65,"column":80}},"17":{"start":{"line":68,"column":31},"end":{"line":68,"column":57}},"18":{"start":{"line":69,"column":6},"end":{"line":73,"column":7}},"19":{"start":{"line":70,"column":8},"end":{"line":70,"column":41}},"20":{"start":{"line":72,"column":8},"end":{"line":72,"column":70}},"21":{"start":{"line":77,"column":30},"end":{"line":81,"column":3}},"22":{"start":{"line":78,"column":4},"end":{"line":78,"column":18}},"23":{"start":{"line":79,"column":4},"end":{"line":79,"column":20}},"24":{"start":{"line":80,"column":4},"end":{"line":80,"column":32}},"25":{"start":{"line":83,"column":26},"end":{"line":83,"column":47}},"26":{"start":{"line":84,"column":44},"end":{"line":87,"column":3}},"27":{"start":{"line":89,"column":2},"end":{"line":253,"column":4}},"28":{"start":{"line":91,"column":52},"end":{"line":91,"column":65}},"29":{"start":{"line":111,"column":37},"end":{"line":111,"column":53}},"30":{"start":{"line":111,"column":54},"end":{"line":111,"column":104}},"31":{"start":{"line":111,"column":77},"end":{"line":111,"column":101}},"32":{"start":{"line":117,"column":37},"end":{"line":117,"column":52}},"33":{"start":{"line":117,"column":53},"end":{"line":117,"column":102}},"34":{"start":{"line":117,"column":76},"end":{"line":117,"column":99}},"35":{"start":{"line":127,"column":35},"end":{"line":127,"column":47}},"36":{"start":{"line":127,"column":48},"end":{"line":127,"column":93}},"37":{"start":{"line":127,"column":71},"end":{"line":127,"column":90}},"38":{"start":{"line":130,"column":31},"end":{"line":130,"column":57}},"39":{"start":{"line":152,"column":27},"end":{"line":152,"column":82}},"40":{"start":{"line":174,"column":27},"end":{"line":174,"column":46}},"41":{"start":{"line":174,"column":43},"end":{"line":174,"column":45}},"42":{"start":{"line":190,"column":33},"end":{"line":190,"column":41}},"43":{"start":{"line":196,"column":45},"end":{"line":196,"column":73}},"44":{"start":{"line":206,"column":23},"end":{"line":206,"column":50}},"45":{"start":{"line":212,"column":12},"end":{"line":225,"column":31}},"46":{"start":{"line":214,"column":29},"end":{"line":214,"column":51}},"47":{"start":{"line":233,"column":23},"end":{"line":233,"column":49}},"48":{"start":{"line":239,"column":12},"end":{"line":248,"column":31}},"49":{"start":{"line":241,"column":31},"end":{"line":241,"column":44}},"50":{"start":{"line":241,"column":45},"end":{"line":241,"column":72}}},"fnMap":{"0":{"name":"SignupScreen","decl":{"start":{"line":18,"column":24},"end":{"line":18,"column":36}},"loc":{"start":{"line":18,"column":39},"end":{"line":254,"column":1}},"line":18},"1":{"name":"(anonymous_1)","decl":{"start":{"line":54,"column":16},"end":{"line":54,"column":17}},"loc":{"start":{"line":55,"column":6},"end":{"line":62,"column":8}},"line"
[...]
,"/home/norris/my-projects/freelancing/noble-bac-uemoa-v2/mobile/hooks/use-theme-color.ts": {"path":"/home/norris/my-projects/freelancing/noble-bac-uemoa-v2/mobile/hooks/use-theme-color.ts","statementMap":{"0":{"start":{"line":13,"column":16},"end":{"line":13,"column":43}},"1":{"start":{"line":14,"column":25},"end":{"line":14,"column":37}},"2":{"start":{"line":16,"column":2},"end":{"line":20,"column":3}},"3":{"start":{"line":17,"column":4},"end":{"line":17,"column":26}},"4":{"start":{"line":19,"column":4},"end":{"line":19,"column":36}}},"fnMap":{"0":{"name":"useThemeColor","decl":{"start":{"line":9,"column":16},"end":{"line":9,"column":29}},"loc":{"start":{"line":12,"column":2},"end":{"line":21,"column":1}},"line":12}},"branchMap":{"0":{"loc":{"start":{"line":13,"column":16},"end":{"line":13,"column":43}},"type":"binary-expr","locations":[{"start":{"line":13,"column":16},"end":{"line":13,"column":32}},{"start":{"line":13,"column":36},"end":{"line":13,"column":43}}],"line":13},"1":{"loc":{"start":{"line":16,"column":2},"end":{"line":20,"column":3}},"type":"if","locations":[{"start":{"line":16,"column":2},"end":{"line":20,"column":3}},{"start":{"line":18,"column":9},"end":{"line":20,"column":3}}],"line":16}},"s":{"0":0,"1":0,"2":0,"3":0,"4":0},"f":{"0":0},"b":{"0":[0,0],"1":[0,0]}}
,"/home/norris/my-projects/freelancing/noble-bac-uemoa-v2/mobile/providers/QueryProvider.tsx": {"path":"/home/norris/my-projects/freelancing/noble-bac-uemoa-v2/mobile/providers/QueryProvider.tsx","statementMap":{"0":{"start":{"line":5,"column":20},"end":{"line":12,"column":2}},"1":{"start":{"line":15,"column":2},"end":{"line":19,"column":4}}},"fnMap":{"0":{"name":"QueryProvider","decl":{"start":{"line":14,"column":16},"end":{"line":14,"column":29}},"loc":{"start":{"line":14,"column":75},"end":{"line":20,"column":1}},"line":14}},"branchMap":{},"s":{"0":0,"1":0},"f":{"0":0},"b":{}}
,"/home/norris/my-projects/freelancing/noble-bac-uemoa-v2/mobile/services/apiClient.ts": {"path":"/home/norris/my-projects/freelancing/noble-bac-uemoa-v2/mobile/services/apiClient.ts","statementMap":{"0":{"start":{"line":4,"column":18},"end":{"line":10,"column":2}},"1":{"start":{"line":13,"column":0},"end":{"line":24,"column":2}},"2":{"start":{"line":15,"column":18},"end":{"line":15,"column":64}},"3":{"start":{"line":16,"column":4},"end":{"line":18,"column":5}},"4":{"start":{"line":17,"column":6},"end":{"line":17,"column":55}},"5":{"start":{"line":19,"column":4},"end":{"line":19,"column":18}},"6":{"start":{"line":22,"column":4},"end":{"line":22,"column":33}},"7":{"start":{"line":27,"column":0},"end":{"line":37,"column":2}},"8":{"start":{"line":28,"column":16},"end":{"line":28,"column":24}},"9":{"start":{"line":30,"column":4},"end":{"line":34,"column":5}},"10":{"start":{"line":32,"column":6},"end":{"line":32,"column":56}},"11":{"start":{"line":33,"column":6},"end":{"line":33,"column":57}},"12":{"start":{"line":35,"column":4},"end":{"line":35,"column":33}}},"fnMap":{"0":{"name":"(anonymous_0)","decl":{"start":{"line":14,"column":2},"end":{"line":14,"column":3}},"loc":{"start":{"line":14,"column":20},"end":{"line":20,"column":3}},"line":14},"1":{"name":"(anonymous_1)","decl":{"start":{"line":21,"column":2},"end":{"line":21,"column":3}},"loc":{"start":{"line":21,"column":13},"end":{"line":23,"column":3}},"line":21},"2":{"name":"(anonymous_2)","decl":{"start":{"line":28,"column":2},"end":{"line":28,"column":3}},"loc":{"start":{"line":28,"column":16},"end":{"line":28,"column":24}},"line":28},"3":{"name":"(anonymous_3)","decl":{"start":{"line":29,"column":2},"end":{"line":29,"column":3}},"loc":{"start":{"line":29,"column":19},"end":{"line":36,"column":3}},"line":29}},"branchMap":{"0":{"loc":{"start":{"line":5,"column":11},"end":{"line":5,"column":71}},"type":"binary-expr","locations":[{"start":{"line":5,"column":11},"end":{"line":5,"column":42}},{"start":{"line":5,"column":46},"end":{"line":5,"column":71}}],"line":5},"1":{"loc":{"start":{"line":16,"column":4},"end":{"line":18,"column":5}},"type":"if","locations":[{"start":{"line":16,"column":4},"end":{"line":18,"column":5}},{"start":{},"end":{}}],"line":16},"2":{"loc":{"start":{"line":30,"column":4},"end":{"line":34,"column":5}},"type":"if","locations":[{"start":{"line":30,"column":4},"end":{"line":34,"column":5}},{"start":{},"end":{}}],"line":30}},"s":{"0":1,"1":1,"2":0,"3":0,"4":0,"5":0,"6":0,"7":1,"8":0,"9":0,"10":0,"11":0,"12":0},"f":{"0":0,"1":0,"2":0,"3":0},"b":{"0":[1,1],"1":[0,0],"2":[0,0]},"_coverageSchema":"1a1c01bbd47fc00a2c39e90264f33305004495a9","hash":"424b8c0c56d81d2df4e2ebfeb70a5a36e14501f6"}
,"/home/norris/my-projects/freelancing/noble-bac-uemoa-v2/mobile/services/authService.ts": {"path":"/home/norris/my-projects/freelancing/noble-bac-uemoa-v2/mobile/services/authService.ts","statementMap":{"0":{"start":{"line":16,"column":19},"end":{"line":16,"column":84}},"1":{"start":{"line":17,"column":2},"end":{"line":17,"column":14}},"2":{"start":{"line":26,"column":19},"end":{"line":26,"column":86}},"3":{"start":{"line":27,"column":2},"end":{"line":27,"column":14}},"4":{"start":{"line":35,"column":19},"end":{"line":35,"column":78}},"5":{"start":{"line":36,"column":2},"end":{"line":36,"column":14}},"6":{"start":{"line":44,"column":2},"end":{"line":44,"column":39}},"7":{"start":{"line":52,"column":19},"end":{"line":52,"column":71}},"8":{"start":{"line":53,"column":2},"end":{"line":53,"column":14}}},"fnMap":{"0":{"name":"register","decl":{"start":{"line":15,"column":22},"end":{"line":15,"column":30}},"loc":{"start":{"line":15,"column":84},"end":{"line":18,"column":1}},"line":15},"1":{"name":"verifyOtp","decl":{"start":{"line":25,"column":22},"end":{"line":25,"column":31}},"loc":{"start":{"line":25,"column":86},"end":{"line":28,"column":1}},"line":25},"2":{"name":"login","decl":{"start":{"line":34,"column":22},"end":{"line":34,"column":27}},"loc":{"start":{"line":34,"column":75},"end":{"line":37,"column":1}},"line":34},"3":{"name":"logout","decl":{"start":{"line":43,"column":22},"end":{"line":43,"column":28}},"loc":{"start":{"line":43,"column":46},"end":{"line":45,"column":1}},"line":43},"4":{"name":"refreshToken","decl":{"start":{"line":51,"column":22},"end":{"line":51,"column":34}},"loc":{"start":{"line":51,"column":61},"end":{"line":54,"column":1}},"line":51}},"branchMap":{},"s":{"0":0,"1":0,"2":0,"3":0,"4":0,"5":0,"6":0,"7":0,"8":0},"f":{"0":0,"1":0,"2":0,"3":0,"4":0},"b":{}}
,"/home/norris/my-projects/freelancing/noble-bac-uemoa-v2/mobile/services/catalogService.ts": {"path":"/home/norris/my-projects/freelancing/noble-bac-uemoa-v2/mobile/services/catalogService.ts","statementMap":{"0":{"start":{"line":11,"column":30},"end":{"line":38,"column":1}},"1":{"start":{"line":16,"column":21},"end":{"line":18,"column":6}},"2":{"start":{"line":19,"column":4},"end":{"line":19,"column":25}},"3":{"start":{"line":26,"column":21},"end":{"line":26,"column":110}},"4":{"start":{"line":27,"column":4},"end":{"line":27,"column":34}},"5":{"start":{"line":35,"column":21},"end":{"line":35,"column":52}},"6":{"start":{"line":36,"column":4},"end":{"line":36,"column":30}}},"fnMap":{"0":{"name":"(anonymous_0)","decl":{"start":{"line":15,"column":12},"end":{"line":15,"column":13}},"loc":{"start":{"line":15,"column":79},"end":{"line":20,"column":3}},"line":15},"1":{"name":"(anonymous_1)","decl":{"start":{"line":25,"column":20},"end":{"line":25,"column":21}},"loc":{"start":{"line":25,"column":63},"end":{"line":28,"column":3}},"line":25},"2":{"name":"(anonymous_2)","decl":{"start":{"line":34,"column":12},"end":{"line":34,"column":13}},"loc":{"start":{"line":34,"column":24},"end":{"line":37,"column":3}},"line":34}},"branchMap":{"0":{"loc":{"start":{"line":15,"column":19},"end":{"line":15,"column":44}},"type":"default-arg","locations":[{"start":{"line":15,"column":42},"end":{"line":15,"column":44}}],"line":15}},"s":{"0":0,"1":0,"2":0,"3":0,"4":0,"5":0,"6":0},"f":{"0":0,"1":0,"2":0},"b":{"0":[0]}}
,"/home/norris/my-projects/freelancing/noble-bac-uemoa-v2/mobile/services/courseService.ts": {"path":"/home/norris/my-projects/freelancing/noble-bac-uemoa-v2/mobile/services/courseService.ts","statementMap":{"0":{"start":{"line":4,"column":29},"end":{"line":36,"column":1}},"1":{"start":{"line":9,"column":21},"end":{"line":9,"column":85}},"2":{"start":{"line":10,"column":4},"end":{"line":10,"column":30}},"3":{"start":{"line":17,"column":21},"end":{"line":17,"column":109}},"4":{"start":{"line":18,"column":4},"end":{"line":18,"column":30}},"5":{"start":{"line":25,"column":21},"end":{"line":25,"column":105}},"6":{"start":{"line":26,"column":4},"end":{"line":26,"column":30}},"7":{"start":{"line":33,"column":21},"end":{"line":33,"column":93}},"8":{"start":{"line":34,"column":4},"end":{"line":34,"column":30}}},"fnMap":{"0":{"name":"(anonymous_0)","decl":{"start":{"line":8,"column":15},"end":{"line":8,"column":16}},"loc":{"start":{"line":8,"column":47},"end":{"line":11,"column":3}},"line":8},"1":{"name":"(anonymous_1)","decl":{"start":{"line":16,"column":15},"end":{"line":16,"column":16}},"loc":{"start":{"line":16,"column":66},"end":{"line":19,"column":3}},"line":16},"2":{"name":"(anonymous_2)","decl":{"start":{"line":24,"column":14},"end":{"line":24,"column":15}},"loc":{"start":{"line":24,"column":62},"end":{"line":27,"column":3}},"line":24},"3":{"name":"(anonymous_3)","decl":{"start":{"line":32,"column":13},"end":{"line":32,"column":14}},"loc":{"start":{"line":32,"column":58},"end":{"line":35,"column":3}},"line":32}},"branchMap":{},"s":{"0":0,"1":0,"2":0,"3":0,"4":0,"5":0,"6":0,"7":0,"8":0},"f":{"0":0,"1":0,"2":0,"3":0},"b":{}}
,"/home/norris/my-projects/freelancing/noble-bac-uemoa-v2/mobile/services/quizService.ts": {"path":"/home/norris/my-projects/freelancing/noble-bac-uemoa-v2/mobile/services/quizService.ts","statementMap":{"0":{"start":{"line":30,"column":27},"end":{"line":76,"column":1}},"1":{"start":{"line":35,"column":21},"end":{"line":35,"column":71}},"2":{"start":{"line":36,"column":4},"end":{"line":36,"column":30}},"3":{"start":{"line":43,"column":21},"end":{"line":45,"column":6}},"4":{"start":{"line":46,"column":4},"end":{"line":46,"column":30}},"5":{"start":{"line":56,"column":4},"end":{"line":58,"column":7}},"6":{"start":{"line":65,"column":21},"end":{"line":65,"column":105}},"7":{"start":{"line":66,"column":4},"end":{"line":66,"column":30}},"8":{"start":{"line":73,"column":21},"end":{"line":73,"column":85}},"9":{"start":{"line":74,"column":4},"end":{"line":74,"column":30}}},"fnMap":{"0":{"name":"(anonymous_0)","decl":{"start":{"line":34,"column":19},"end":{"line":34,"column":20}},"loc":{"start":{"line":34,"column":48},"end":{"line":37,"column":3}},"line":34},"1":{"name":"(anonymous_1)","decl":{"start":{"line":42,"column":16},"end":{"line":42,"column":17}},"loc":{"start":{"line":42,"column":77},"end":{"line":47,"column":3}},"line":42},"2":{"name":"(anonymous_2)","decl":{"start":{"line":52,"column":21},"end":{"line":52,"column":22}},"loc":{"start":{"line":55,"column":22},"end":{"line":59,"column":3}},"line":55},"3":{"name":"(anonymous_3)","decl":{"start":{"line":64,"column":17},"end":{"line":64,"column":18}},"loc":{"start":{"line":64,"column":68},"end":{"line":67,"column":3}},"line":64},"4":{"name":"(anonymous_4)","decl":{"start":{"line":72,"column":14},"end":{"line":72,"column":15}},"loc":{"start":{"line":72,"column":50},"end":{"line":75,"column":3}},"line":72}},"branchMap":{},"s":{"0":1,"1":0,"2":0,"3":1,"4":1,"5":1,"6":0,"7":0,"8":0,"9":0},"f":{"0":0,"1":1,"2":1,"3":0,"4":0},"b":{},"_coverageSchema":"1a1c01bbd47fc00a2c39e90264f33305004495a9","hash":"4f7c4a3db163191d7aedcbde56e577558c1d5326"}
,"/home/norris/my-projects/freelancing/noble-bac-uemoa-v2/mobile/services/referentialService.ts": {"path":"/home/norris/my-projects/freelancing/noble-bac-uemoa-v2/mobile/services/referentialService.ts","statementMap":{"0":{"start":{"line":10,"column":19},"end":{"line":10,"column":76}},"1":{"start":{"line":11,"column":2},"end":{"line":11,"column":19}}},"fnMap":{"0":{"name":"getCountries","decl":{"start":{"line":9,"column":22},"end":{"line":9,"column":34}},"loc":{"start":{"line":9,"column":57},"end":{"line":12,"column":1}},"line":9}},"branchMap":{},"s":{"0":0,"1":0},"f":{"0":0},"b":{}}
,"/home/norris/my-projects/freelancing/noble-bac-uemoa-v2/mobile/store/useAuthStore.ts": {"path":"/home/norris/my-projects/freelancing/noble-bac-uemoa-v2/mobile/store/useAuthStore.ts","statementMap":{"0":{"start":{"line":6,"column":21},"end":{"line":10,"column":10}},"1":{"start":{"line":25,"column":28},"end":{"line":68,"column":3}},"2":{"start":{"line":25,"column":61},"end":{"line":68,"column":1}},"3":{"start":{"line":32,"column":4},"end":{"line":32,"column":75}},"4":{"start":{"line":33,"column":4},"end":{"line":33,"column":77}},"5":{"start":{"line":34,"column":4},"end":{"line":34,"column":76}},"6":{"start":{"line":35,"column":4},"end":{"line":35,"column":68}},"7":{"start":{"line":40,"column":4},"end":{"line":44,"column":5}},"8":{"start":{"line":41,"column":6},"end":{"line":41,"column":24}},"9":{"start":{"line":45,"column":4},"end":{"line":45,"column":65}},"10":{"start":{"line":46,"column":4},"end":{"line":46,"column":66}},"11":{"start":{"line":47,"column":4},"end":{"line":47,"column":57}},"12":{"start":{"line":48,"column":4},"end":{"line":48,"column":87}},"13":{"start":{"line":52,"column":24},"end":{"line":52,"column":81}},"14":{"start":{"line":53,"column":25},"end":{"line":53,"column":83}},"15":{"start":{"line":54,"column":20},"end":{"line":54,"column":69}},"16":{"start":{"line":56,"column":4},"end":{"line":66,"column":5}},"17":{"start":{"line":57,"column":6},"end":{"line":65,"column":7}},"18":{"start":{"line":58,"column":27},"end":{"line":58,"column":46}},"19":{"start":{"line":59,"column":8},"end":{"line":59,"column":72}},"20":{"start":{"line":62,"column":8},"end":{"line":62,"column":69}},"21":{"start":{"line":63,"column":8},"end":{"line":63,"column":70}},"22":{"start":{"line":64,"column":8},"end":{"line":64,"column":61}}},"fnMap":{"0":{"name":"(anonymous_0)","decl":{"start":{"line":25,"column":46},"end":{"line":25,"column":47}},"loc":{"start":{"line":25,"column":61},"end":{"line":68,"column":1}},"line":25},"1":{"name":"(anonymous_1)","decl":{"start":{"line":31,"column":11},"end":{"line":31,"column":12}},"loc":{"start":{"line":31,"column":54},"end":{"line":36,"column":3}},"line":31},"2":{"name":"(anonymous_2)","decl":{"start":{"line":38,"column":10},"end":{"line":38,"column":11}},"loc":{"start":{"line":38,"column":22},"end":{"line":49,"column":3}},"line":38},"3":{"name":"(anonymous_3)","decl":{"start":{"line":51,"column":14},"end":{"line":51,"column":15}},"loc":{"start":{"line":51,"column":26},"end":{"line":67,"column":3}},"line":51}},"branchMap":{"0":{"loc":{"start":{"line":56,"column":4},"end":{"line":66,"column":5}},"type":"if","locations":[{"start":{"line":56,"column":4},"end":{"line":66,"column":5}},{"start":{},"end":{}}],"line":56},"1":{"loc":{"start":{"line":56,"column":8},"end":{"line":56,"column":30}},"type":"binary-expr","locations":[{"start":{"line":56,"column":8},"end":{"line":56,"column":19}},{"start":{"line":56,"column":23},"end":{"line":56,"column":30}}],"line":56}},"s":{"0":0,"1":0,"2":0,"3":0,"4":0,"5":0,"6":0,"7":0,"8":0,"9":0,"10":0,"11":0,"12":0,"13":0,"14":0,"15":0,"16":0,"17":0,"18":0,"19":0,"20":0,"21":0,"22":0},"f":{"0":0,"1":0,"2":0,"3":0},"b":{"0":[0,0],"1":[0,0]}}
,"/home/norris/my-projects/freelancing/noble-bac-uemoa-v2/mobile/store/useQuizStore.ts": {"path":"/home/norris/my-projects/freelancing/noble-bac-uemoa-v2/mobile/store/useQuizStore.ts","statementMap":{"0":{"start":{"line":26,"column":28},"end":{"line":37,"column":3}},"1":{"start":{"line":26,"column":56},"end":{"line":37,"column":1}},"2":{"start":{"line":28,"column":53},"end":{"line":35,"column":4}},"3":{"start":{"line":36,"column":22},"end":{"line":36,"column":48}}},"fnMap":{"0":{"name":"(anonymous_0)","decl":{"start":{"line":26,"column":46},"end":{"line":26,"column":47}},"loc":{"start":{"line":26,"column":56},"end":{"line":37,"column":1}},"line":26},"1":{"name":"(anonymous_1)","decl":{"start":{"line":28,"column":18},"end":{"line":28,"column":19}},"loc":{"start":{"line":28,"column":53},"end":{"line":35,"column":4}},"line":28},"2":{"name":"(anonymous_2)","decl":{"start":{"line":36,"column":16},"end":{"line":36,"column":17}},"loc":{"start":{"line":36,"column":22},"end":{"line":36,"column":48}},"line":36}},"branchMap":{},"s":{"0":0,"1":0,"2":0,"3":0},"f":{"0":0,"1":0,"2":0},"b":{}}
,"/home/norris/my-projects/freelancing/noble-bac-uemoa-v2/mobile/types/api.ts": {"path":"/home/norris/my-projects/freelancing/noble-bac-uemoa-v2/mobile/types/api.ts","statementMap":{},"fnMap":{},"branchMap":{},"s":{},"f":{},"b":{}}
,"/home/norris/my-projects/freelancing/noble-bac-uemoa-v2/mobile/utils/apiError.ts": {"path":"/home/norris/my-projects/freelancing/noble-bac-uemoa-v2/mobile/utils/apiError.ts","statementMap":{"0":{"start":{"line":9,"column":2},"end":{"line":15,"column":3}},"1":{"start":{"line":10,"column":26},"end":{"line":10,"column":55}},"2":{"start":{"line":11,"column":4},"end":{"line":11,"column":44}},"3":{"start":{"line":11,"column":23},"end":{"line":11,"column":44}},"4":{"start":{"line":14,"column":4},"end":{"line":14,"column":96}},"5":{"start":{"line":14,"column":25},"end":{"line":14,"column":96}},"6":{"start":{"line":16,"column":2},"end":{"line":16,"column":18}},"7":{"start":{"line":24,"column":2},"end":{"line":30,"column":3}},"8":{"start":{"line":25,"column":19},"end":{"line":25,"column":46}},"9":{"start":{"line":26,"column":4},"end":{"line":26,"column":27}},"10":{"start":{"line":26,"column":17},"end":{"line":26,"column":27}},"11":{"start":{"line":27,"column":4},"end":{"line":29,"column":6}},"12":{"start":{"line":28,"column":56},"end":{"line":28,"column":76}},"13":{"start":{"line":31,"column":2},"end":{"line":31,"column":12}}},"fnMap":{"0":{"name":"getApiErrorMessage","decl":{"start":{"line":8,"column":16},"end":{"line":8,"column":34}},"loc":{"start":{"line":8,"column":98},"end":{"line":17,"column":1}},"line":8},"1":{"name":"getValidationErrors","decl":{"start":{"line":23,"column":16},"end":{"line":23,"column":35}},"loc":{"start":{"line":23,"column":76},"end":{"line":32,"column":1}},"line":23},"2":{"name":"(anonymous_2)","decl":{"start":{"line":28,"column":33},"end":{"line":28,"column":34}},"loc":{"start":{"line":28,"column":56},"end":{"line":28,"column":76}},"line":28}},"branchMap":{"0":{"loc":{"start":{"line":8,"column":51},"end":{"line":8,"column":88}},"type":"default-arg","locations":[{"start":{"line":8,"column":62},"end":{"line":8,"column":88}}],"line":8},"1":{"loc":{"start":{"line":9,"column":2},"end":{"line":15,"column":3}},"type":"if","locations":[{"start":{"line":9,"column":2},"end":{"line":15,"column":3}},{"start":{},"end":{}}],"line":9},"2":{"loc":{"start":{"line":11,"column":4},"end":{"line":11,"column":44}},"type":"if","locations":[{"start":{"line":11,"column":4},"end":{"line":11,"column":44}},{"start":{},"end":{}}],"line":11},"3":{"loc":{"start":{"line":14,"column":4},"end":{"line":14,"column":96}},"type":"if","locations":[{"start":{"line":14,"column":4},"end":{"line":14,"column":96}},{"start":{},"end":{}}],"line":14},"4":{"loc":{"start":{"line":24,"column":2},"end":{"line":30,"column":3}},"type":"if","locations":[{"start":{"line":24,"column":2},"end":{"line":30,"column":3}},{"start":{},"end":{}}],"line":24},"5":{"loc":{"start":{"line":24,"column":6},"end":{"line":24,"column":69}},"type":"binary-expr","locations":[{"start":{"line":24,"column":6},"end":{"line":24,"column":35}},{"start":{"line":24,"column":39},"end":{"line":24,"column":69}}],"line":24},"6":{"loc":{"start":{"line":26,"column":4},"end":{"line":26,"column":27}},"type":"if","locations":[{"start":{"line":26,"column":4},"end":{"line":26,"column":27}},{"start":{},"end":{}}],"line":26}},"s":{"0":0,"1":0,"2":0,"3":0,"4":0,"5":0,"6":0,"7":0,"8":0,"9":0,"10":0,"11":0,"12":0,"13":0},"f":{"0":0,"1":0,"2":0},"b":{"0":[0],"1":[0,0],"2":[0,0],"3":[0,0],"4":[0,0],"5":[0,0],"6":[0,0]}}
}
