TN:
SF:expo-env.d.ts
FNF:0
FNH:0
LF:0
LH:0
BRF:0
BRH:0
end_of_record
TN:
SF:nativewind-env.d.ts
FNF:0
FNH:0
LF:0
LH:0
BRF:0
BRH:0
end_of_record
TN:
SF:.expo/types/router.d.ts
FNF:0
FNH:0
LF:0
LH:0
BRF:0
BRH:0
end_of_record
TN:
SF:app/_layout.tsx
FN:33,RootLayout
FN:48,(anonymous_1)
FN:52,(anonymous_2)
FN:58,(anonymous_3)
FN:76,(anonymous_4)
FNF:5
FNH:0
FNDA:0,RootLayout
FNDA:0,(anonymous_1)
FNDA:0,(anonymous_2)
FNDA:0,(anonymous_3)
FNDA:0,(anonymous_4)
DA:25,0
DA:29,0
DA:34,0
DA:35,0
DA:36,0
DA:37,0
DA:39,0
DA:48,0
DA:49,0
DA:52,0
DA:53,0
DA:54,0
DA:58,0
DA:59,0
DA:67,0
DA:69,0
DA:70,0
DA:71,0
DA:76,0
DA:77,0
DA:78,0
DA:80,0
DA:81,0
DA:84,0
DA:85,0
DA:86,0
DA:87,0
DA:90,0
DA:94,0
DA:95,0
DA:98,0
LF:31
LH:0
BRDA:53,0,0,0
BRDA:53,0,1,0
BRDA:53,1,0,0
BRDA:53,1,1,0
BRDA:59,2,0,0
BRDA:59,2,1,0
BRDA:67,3,0,0
BRDA:67,3,1,0
BRDA:78,4,0,0
BRDA:78,4,1,0
BRDA:84,5,0,0
BRDA:84,5,1,0
BRDA:84,6,0,0
BRDA:84,6,1,0
BRDA:86,7,0,0
BRDA:86,7,1,0
BRDA:86,8,0,0
BRDA:86,8,1,0
BRDA:86,8,2,0
BRDA:94,9,0,0
BRDA:94,9,1,0
BRDA:94,10,0,0
BRDA:94,10,1,0
BRDA:101,11,0,0
BRDA:101,11,1,0
BRF:25
BRH:0
end_of_record
TN:
SF:app/books.tsx
FN:25,BooksLibraryScreen
FN:37,(anonymous_1)
FN:41,(anonymous_2)
FN:42,(anonymous_3)
FN:46,(anonymous_4)
FN:49,(anonymous_5)
FN:61,(anonymous_6)
FN:78,(anonymous_7)
FN:83,(anonymous_8)
FN:105,(anonymous_9)
FN:123,(anonymous_10)
FN:134,(anonymous_11)
FN:157,(anonymous_12)
FN:162,(anonymous_13)
FN:189,(anonymous_14)
FN:191,(anonymous_15)
FN:193,(anonymous_16)
FN:194,(anonymous_17)
FN:202,(anonymous_18)
FN:218,(anonymous_19)
FNF:20
FNH:0
FNDA:0,BooksLibraryScreen
FNDA:0,(anonymous_1)
FNDA:0,(anonymous_2)
FNDA:0,(anonymous_3)
FNDA:0,(anonymous_4)
FNDA:0,(anonymous_5)
FNDA:0,(anonymous_6)
FNDA:0,(anonymous_7)
FNDA:0,(anonymous_8)
FNDA:0,(anonymous_9)
FNDA:0,(anonymous_10)
FNDA:0,(anonymous_11)
FNDA:0,(anonymous_12)
FNDA:0,(anonymous_13)
FNDA:0,(anonymous_14)
FNDA:0,(anonymous_15)
FNDA:0,(anonymous_16)
FNDA:0,(anonymous_17)
FNDA:0,(anonymous_18)
FNDA:0,(anonymous_19)
DA:15,0
DA:26,0
DA:27,0
DA:29,0
DA:30,0
DA:31,0
DA:32,0
DA:33,0
DA:35,0
DA:37,0
DA:38,0
DA:41,0
DA:42,0
DA:43,0
DA:46,0
DA:49,0
DA:50,0
DA:51,0
DA:52,0
DA:53,0
DA:55,0
DA:57,0
DA:61,0
DA:62,0
DA:63,0
DA:64,0
DA:68,0
DA:70,0
DA:72,0
DA:76,0
DA:78,0
DA:79,0
DA:80,0
DA:83,0
DA:86,0
DA:96,0
DA:105,0
DA:123,0
DA:134,0
DA:158,0
DA:162,0
DA:189,0
DA:191,0
DA:194,0
DA:195,0
DA:202,0
DA:203,0
DA:204,0
DA:218,0
DA:219,0
DA:251,0
LF:51
LH:0
BRDA:76,0,0,0
BRDA:76,0,1,0
BRDA:76,1,0,0
BRDA:76,1,1,0
BRDA:91,2,0,0
BRDA:91,2,1,0
BRDA:122,3,0,0
BRDA:122,3,1,0
BRDA:133,4,0,0
BRDA:133,4,1,0
BRDA:136,5,0,0
BRDA:136,5,1,0
BRDA:143,6,0,0
BRDA:143,6,1,0
BRDA:153,7,0,0
BRDA:153,7,1,0
BRDA:153,8,0,0
BRDA:153,8,1,0
BRDA:176,9,0,0
BRDA:176,9,1,0
BRDA:176,9,2,0
BRDA:192,10,0,0
BRDA:192,10,1,0
BRDA:195,11,0,0
BRDA:195,11,1,0
BRDA:207,12,0,0
BRDA:207,12,1,0
BRDA:210,13,0,0
BRDA:210,13,1,0
BRDA:211,14,0,0
BRDA:211,14,1,0
BRDA:213,15,0,0
BRDA:213,15,1,0
BRDA:221,16,0,0
BRDA:221,16,1,0
BRDA:223,17,0,0
BRDA:223,17,1,0
BRDA:232,18,0,0
BRDA:232,18,1,0
BRDA:238,19,0,0
BRDA:238,19,1,0
BRDA:354,20,0,0
BRDA:354,20,1,0
BRF:43
BRH:0
end_of_record
TN:
SF:app/course-reader.tsx
FN:46,CourseReaderScreen
FN:61,(anonymous_1)
FN:91,(anonymous_2)
FNF:3
FNH:0
FNDA:0,CourseReaderScreen
FNDA:0,(anonymous_1)
FNDA:0,(anonymous_2)
DA:11,0
DA:47,0
DA:48,0
DA:49,0
DA:51,0
DA:61,0
DA:91,0
DA:99,0
LF:8
LH:0
BRDA:49,0,0,0
BRDA:49,1,0,0
BRF:2
BRH:0
end_of_record
TN:
SF:app/index.tsx
FN:12,SplashScreen
FN:14,(anonymous_1)
FN:23,(anonymous_2)
FN:29,(anonymous_3)
FN:33,(anonymous_4)
FN:37,(anonymous_5)
FN:51,(anonymous_6)
FN:89,(anonymous_7)
FN:93,(anonymous_8)
FN:103,(anonymous_9)
FN:104,(anonymous_10)
FNF:11
FNH:0
FNDA:0,SplashScreen
FNDA:0,(anonymous_1)
FNDA:0,(anonymous_2)
FNDA:0,(anonymous_3)
FNDA:0,(anonymous_4)
FNDA:0,(anonymous_5)
FNDA:0,(anonymous_6)
FNDA:0,(anonymous_7)
FNDA:0,(anonymous_8)
FNDA:0,(anonymous_9)
FNDA:0,(anonymous_10)
DA:13,0
DA:14,0
DA:16,0
DA:17,0
DA:18,0
DA:19,0
DA:20,0
DA:21,0
DA:23,0
DA:25,0
DA:26,0
DA:29,0
DA:30,0
DA:33,0
DA:34,0
DA:37,0
DA:39,0
DA:40,0
DA:41,0
DA:44,0
DA:45,0
DA:47,0
DA:51,0
DA:54,0
DA:89,0
DA:90,0
DA:91,0
DA:93,0
DA:94,0
DA:103,0
DA:104,0
DA:105,0
DA:106,0
DA:110,0
DA:113,0
LF:35
LH:0
BRDA:39,0,0,0
BRDA:39,0,1,0
BRDA:44,1,0,0
BRDA:44,1,1,0
BRF:4
BRH:0
end_of_record
TN:
SF:app/landing.tsx
FN:10,LandingScreen
FN:13,(anonymous_1)
FN:41,(anonymous_2)
FN:49,(anonymous_3)
FNF:4
FNH:0
FNDA:0,LandingScreen
FNDA:0,(anonymous_1)
FNDA:0,(anonymous_2)
FNDA:0,(anonymous_3)
DA:11,0
DA:13,0
DA:14,0
DA:15,0
DA:18,0
DA:41,0
DA:49,0
DA:59,0
LF:8
LH:0
BRF:0
BRH:0
end_of_record
TN:
SF:app/modal.tsx
FN:7,ModalScreen
FNF:1
FNH:0
FNDA:0,ModalScreen
DA:8,0
DA:18,0
LF:2
LH:0
BRF:0
BRH:0
end_of_record
TN:
SF:app/onboarding.tsx
FN:12,LandingScreen
FN:15,(anonymous_1)
FN:24,(anonymous_2)
FN:35,(anonymous_3)
FNF:4
FNH:0
FNDA:0,LandingScreen
FNDA:0,(anonymous_1)
FNDA:0,(anonymous_2)
FNDA:0,(anonymous_3)
DA:10,0
DA:13,0
DA:15,0
DA:16,0
DA:17,0
DA:18,0
DA:20,0
DA:24,0
DA:25,0
DA:26,0
DA:28,0
DA:30,0
DA:35,0
DA:39,0
DA:76,0
LF:15
LH:0
BRF:0
BRH:0
end_of_record
TN:
SF:app/pdf-viewer.tsx
FN:11,PdfViewerScreen
FN:25,(anonymous_1)
FN:33,(anonymous_2)
FN:53,(anonymous_3)
FN:72,(anonymous_4)
FN:94,(anonymous_5)
FN:124,(anonymous_6)
FN:125,(anonymous_7)
FNF:8
FNH:0
FNDA:0,PdfViewerScreen
FNDA:0,(anonymous_1)
FNDA:0,(anonymous_2)
FNDA:0,(anonymous_3)
FNDA:0,(anonymous_4)
FNDA:0,(anonymous_5)
FNDA:0,(anonymous_6)
FNDA:0,(anonymous_7)
DA:12,0
DA:13,0
DA:14,0
DA:21,0
DA:22,0
DA:23,0
DA:25,0
DA:26,0
DA:27,0
DA:28,0
DA:29,0
DA:33,0
DA:34,0
DA:35,0
DA:36,0
DA:37,0
DA:39,0
DA:40,0
DA:45,0
DA:49,0
DA:50,0
DA:53,0
DA:60,0
DA:61,0
DA:68,0
DA:69,0
DA:72,0
DA:80,0
DA:84,0
DA:94,0
DA:124,0
DA:125,0
DA:138,0
LF:33
LH:0
BRDA:21,0,0,0
BRDA:21,0,1,0
BRDA:26,1,0,0
BRDA:26,1,1,0
BRDA:26,2,0,0
BRDA:26,2,1,0
BRDA:28,3,0,0
BRDA:28,3,1,0
BRDA:40,4,0,0
BRDA:40,4,1,0
BRDA:49,5,0,0
BRDA:49,5,1,0
BRDA:60,6,0,0
BRDA:60,6,1,0
BRDA:60,7,0,0
BRDA:60,7,1,0
BRDA:68,8,0,0
BRDA:68,8,1,0
BRDA:80,9,0,0
BRDA:80,9,1,0
BRDA:102,10,0,0
BRDA:102,10,1,0
BRDA:104,11,0,0
BRDA:104,11,1,0
BRDA:114,12,0,0
BRDA:114,12,1,0
BRF:26
BRH:0
end_of_record
TN:
SF:app/quiz-results.tsx
FN:8,QuizResultsScreen
FN:16,(anonymous_1)
FN:21,(anonymous_2)
FN:44,(anonymous_3)
FNF:4
FNH:0
FNDA:0,QuizResultsScreen
FNDA:0,(anonymous_1)
FNDA:0,(anonymous_2)
FNDA:0,(anonymous_3)
DA:9,0
DA:10,0
DA:11,0
DA:12,0
DA:13,0
DA:14,0
DA:16,0
DA:18,0
DA:21,0
DA:22,0
DA:25,0
DA:44,0
DA:57,0
LF:13
LH:0
BRDA:11,0,0,0
BRDA:11,1,0,0
BRDA:14,2,0,0
BRDA:14,2,1,0
BRDA:41,3,0,0
BRDA:41,3,1,0
BRF:6
BRH:0
end_of_record
TN:
SF:app/quiz-review.tsx
FN:9,QuizReviewScreen
FN:18,(anonymous_1)
FN:33,(anonymous_2)
FN:44,(anonymous_3)
FN:68,(anonymous_4)
FNF:5
FNH:0
FNDA:0,QuizReviewScreen
FNDA:0,(anonymous_1)
FNDA:0,(anonymous_2)
FNDA:0,(anonymous_3)
FNDA:0,(anonymous_4)
DA:10,0
DA:11,0
DA:12,0
DA:14,0
DA:15,0
DA:18,0
DA:25,0
DA:27,0
DA:33,0
DA:45,0
DA:46,0
DA:48,0
DA:69,0
DA:70,0
DA:72,0
DA:73,0
DA:75,0
DA:76,0
DA:77,0
DA:78,0
DA:79,0
DA:80,0
DA:83,0
DA:113,0
LF:24
LH:0
BRDA:14,0,0,0
BRDA:14,0,1,0
BRDA:52,1,0,0
BRDA:52,1,1,0
BRDA:75,2,0,0
BRDA:75,2,1,0
BRDA:78,3,0,0
BRDA:78,3,1,0
BRDA:78,4,0,0
BRDA:78,4,1,0
BRDA:85,5,0,0
BRDA:85,5,1,0
BRDA:85,6,0,0
BRDA:85,6,1,0
BRDA:85,6,2,0
BRDA:86,7,0,0
BRDA:86,7,1,0
BRDA:86,7,2,0
BRDA:91,8,0,0
BRDA:91,8,1,0
BRDA:92,9,0,0
BRDA:92,9,1,0
BRDA:92,9,2,0
BRF:23
BRH:0
end_of_record
TN:
SF:app/quiz-session.tsx
FN:12,QuizSessionScreen
FN:27,(anonymous_1)
FN:29,(anonymous_2)
FN:33,(anonymous_3)
FN:58,(anonymous_4)
FN:72,(anonymous_5)
FN:75,(anonymous_6)
FN:80,(anonymous_7)
FN:126,(anonymous_8)
FN:151,(anonymous_9)
FN:176,(anonymous_10)
FNF:11
FNH:0
FNDA:0,QuizSessionScreen
FNDA:0,(anonymous_1)
FNDA:0,(anonymous_2)
FNDA:0,(anonymous_3)
FNDA:0,(anonymous_4)
FNDA:0,(anonymous_5)
FNDA:0,(anonymous_6)
FNDA:0,(anonymous_7)
FNDA:0,(anonymous_8)
FNDA:0,(anonymous_9)
FNDA:0,(anonymous_10)
DA:13,0
DA:14,0
DA:15,0
DA:17,0
DA:18,0
DA:19,0
DA:21,0
DA:22,0
DA:23,0
DA:24,0
DA:25,0
DA:27,0
DA:29,0
DA:30,0
DA:33,0
DA:34,0
DA:35,0
DA:36,0
DA:37,0
DA:38,0
DA:39,0
DA:42,0
DA:43,0
DA:44,0
DA:45,0
DA:47,0
DA:48,0
DA:49,0
DA:51,0
DA:55,0
DA:56,0
DA:58,0
DA:59,0
DA:60,0
DA:62,0
DA:64,0
DA:65,0
DA:69,0
DA:71,0
DA:72,0
DA:75,0
DA:76,0
DA:80,0
DA:81,0
DA:82,0
DA:83,0
DA:84,0
DA:86,0
DA:87,0
DA:88,0
DA:89,0
DA:90,0
DA:92,0
DA:94,0
DA:103,0
DA:104,0
DA:106,0
DA:111,0
DA:112,0
DA:120,0
DA:126,0
DA:152,0
DA:153,0
DA:154,0
DA:156,0
DA:157,0
DA:158,0
DA:159,0
DA:161,0
DA:162,0
DA:163,0
DA:164,0
DA:165,0
DA:166,0
DA:167,0
DA:168,0
DA:169,0
DA:170,0
DA:173,0
DA:176,0
DA:242,0
LF:81
LH:0
BRDA:15,0,0,0
BRDA:36,1,0,0
BRDA:36,1,1,0
BRDA:59,2,0,0
BRDA:59,2,1,0
BRDA:71,3,0,0
BRDA:71,3,1,0
BRDA:81,4,0,0
BRDA:81,4,1,0
BRDA:88,5,0,0
BRDA:88,5,1,0
BRDA:111,6,0,0
BRDA:111,6,1,0
BRDA:111,7,0,0
BRDA:111,7,1,0
BRDA:153,8,0,0
BRDA:153,8,1,0
BRDA:154,9,0,0
BRDA:154,9,1,0
BRDA:161,10,0,0
BRDA:161,10,1,0
BRDA:166,11,0,0
BRDA:166,11,1,0
BRDA:181,12,0,0
BRDA:181,12,1,0
BRDA:181,12,2,0
BRDA:185,13,0,0
BRDA:185,13,1,0
BRDA:187,14,0,0
BRDA:187,14,1,0
BRDA:200,15,0,0
BRDA:200,15,1,0
BRDA:206,16,0,0
BRDA:206,16,1,0
BRDA:207,17,0,0
BRDA:207,17,1,0
BRDA:213,18,0,0
BRDA:213,18,1,0
BRDA:214,19,0,0
BRDA:214,19,1,0
BRDA:219,20,0,0
BRDA:219,20,1,0
BRDA:223,21,0,0
BRDA:223,21,1,0
BRDA:228,22,0,0
BRDA:228,22,1,0
BRDA:232,23,0,0
BRDA:232,23,1,0
BRDA:443,24,0,0
BRDA:443,24,1,0
BRF:50
BRH:0
end_of_record
TN:
SF:app/splash-screen.tsx
FN:11,SplashScreen
FN:14,(anonymous_1)
FN:15,(anonymous_2)
FN:27,(anonymous_3)
FN:52,(anonymous_4)
FN:63,(anonymous_5)
FN:66,(anonymous_6)
FN:77,(anonymous_7)
FN:85,(anonymous_8)
FNF:9
FNH:0
FNDA:0,SplashScreen
FNDA:0,(anonymous_1)
FNDA:0,(anonymous_2)
FNDA:0,(anonymous_3)
FNDA:0,(anonymous_4)
FNDA:0,(anonymous_5)
FNDA:0,(anonymous_6)
FNDA:0,(anonymous_7)
FNDA:0,(anonymous_8)
DA:9,0
DA:12,0
DA:14,0
DA:15,0
DA:16,0
DA:17,0
DA:18,0
DA:19,0
DA:21,0
DA:24,0
DA:27,0
DA:30,0
DA:53,0
DA:63,0
DA:64,0
DA:66,0
DA:67,0
DA:77,0
DA:82,0
DA:85,0
DA:86,0
DA:94,0
LF:22
LH:0
BRDA:18,0,0,0
BRDA:18,0,1,0
BRDA:87,1,0,0
BRDA:87,1,1,0
BRDA:88,2,0,0
BRDA:88,2,1,0
BRF:6
BRH:0
end_of_record
TN:
SF:app/(auth)/_layout.tsx
FN:3,AuthLayout
FNF:1
FNH:0
FNDA:0,AuthLayout
DA:4,0
LF:1
LH:0
BRF:0
BRH:0
end_of_record
TN:
SF:app/(auth)/congrats.tsx
FN:27,(anonymous_0)
FN:57,(anonymous_1)
FN:68,CongratsScreen
FN:73,(anonymous_3)
FN:117,(anonymous_4)
FN:123,(anonymous_5)
FN:137,(anonymous_6)
FNF:7
FNH:0
FNDA:0,(anonymous_0)
FNDA:0,(anonymous_1)
FNDA:0,CongratsScreen
FNDA:0,(anonymous_3)
FNDA:0,(anonymous_4)
FNDA:0,(anonymous_5)
FNDA:0,(anonymous_6)
DA:9,0
DA:10,0
DA:12,0
DA:27,0
DA:28,0
DA:58,0
DA:69,0
DA:70,0
DA:71,0
DA:73,0
DA:74,0
DA:75,0
DA:78,0
DA:118,0
DA:124,0
DA:137,0
LF:16
LH:0
BRDA:126,0,0,0
BRDA:126,0,1,0
BRF:2
BRH:0
end_of_record
TN:
SF:app/(auth)/login.tsx
FN:15,LoginScreen
FN:17,(anonymous_1)
FN:28,(anonymous_2)
FN:29,(anonymous_3)
FN:33,(anonymous_4)
FN:40,(anonymous_5)
FN:75,(anonymous_6)
FN:75,(anonymous_7)
FN:83,(anonymous_8)
FN:90,(anonymous_9)
FN:96,(anonymous_10)
FNF:11
FNH:0
FNDA:0,LoginScreen
FNDA:0,(anonymous_1)
FNDA:0,(anonymous_2)
FNDA:0,(anonymous_3)
FNDA:0,(anonymous_4)
FNDA:0,(anonymous_5)
FNDA:0,(anonymous_6)
FNDA:0,(anonymous_7)
FNDA:0,(anonymous_8)
FNDA:0,(anonymous_9)
FNDA:0,(anonymous_10)
DA:13,0
DA:16,0
DA:17,0
DA:19,0
DA:20,0
DA:21,0
DA:24,0
DA:25,0
DA:27,0
DA:28,0
DA:30,0
DA:34,0
DA:38,0
DA:40,0
DA:75,0
DA:83,0
DA:90,0
DA:96,0
LF:18
LH:0
BRDA:25,0,0,0
BRDA:25,0,1,0
BRDA:43,1,0,0
BRDA:43,1,1,0
BRDA:76,2,0,0
BRDA:76,2,1,0
BRF:6
BRH:0
end_of_record
TN:
SF:app/(auth)/signup.tsx
FN:18,SignupScreen
FN:54,(anonymous_1)
FN:63,(anonymous_2)
FN:67,(anonymous_3)
FN:77,(anonymous_4)
FN:91,(anonymous_5)
FN:111,(anonymous_6)
FN:111,(anonymous_7)
FN:117,(anonymous_8)
FN:117,(anonymous_9)
FN:127,(anonymous_10)
FN:127,(anonymous_11)
FN:130,(anonymous_12)
FN:152,(anonymous_13)
FN:174,(anonymous_14)
FN:174,(anonymous_15)
FN:190,(anonymous_16)
FN:196,(anonymous_17)
FN:206,(anonymous_18)
FN:211,(anonymous_19)
FN:214,(anonymous_20)
FN:233,(anonymous_21)
FN:238,(anonymous_22)
FN:241,(anonymous_23)
FNF:24
FNH:0
FNDA:0,SignupScreen
FNDA:0,(anonymous_1)
FNDA:0,(anonymous_2)
FNDA:0,(anonymous_3)
FNDA:0,(anonymous_4)
FNDA:0,(anonymous_5)
FNDA:0,(anonymous_6)
FNDA:0,(anonymous_7)
FNDA:0,(anonymous_8)
FNDA:0,(anonymous_9)
FNDA:0,(anonymous_10)
FNDA:0,(anonymous_11)
FNDA:0,(anonymous_12)
FNDA:0,(anonymous_13)
FNDA:0,(anonymous_14)
FNDA:0,(anonymous_15)
FNDA:0,(anonymous_16)
FNDA:0,(anonymous_17)
FNDA:0,(anonymous_18)
FNDA:0,(anonymous_19)
FNDA:0,(anonymous_20)
FNDA:0,(anonymous_21)
FNDA:0,(anonymous_22)
FNDA:0,(anonymous_23)
DA:19,0
DA:22,0
DA:23,0
DA:24,0
DA:25,0
DA:26,0
DA:27,0
DA:30,0
DA:31,0
DA:32,0
DA:33,0
DA:36,0
DA:42,0
DA:44,0
DA:53,0
DA:55,0
DA:65,0
DA:68,0
DA:69,0
DA:70,0
DA:72,0
DA:77,0
DA:78,0
DA:79,0
DA:80,0
DA:83,0
DA:84,0
DA:89,0
DA:91,0
DA:111,0
DA:117,0
DA:127,0
DA:130,0
DA:152,0
DA:174,0
DA:190,0
DA:196,0
DA:206,0
DA:212,0
DA:214,0
DA:233,0
DA:239,0
DA:241,0
LF:43
LH:0
BRDA:36,0,0,0
BRDA:42,1,0,0
BRDA:42,1,1,0
BRDA:44,2,0,0
BRDA:44,2,1,0
BRDA:44,2,2,0
BRDA:44,2,3,0
BRDA:44,2,4,0
BRDA:44,2,5,0
BRDA:44,2,6,0
BRDA:69,3,0,0
BRDA:69,3,1,0
BRDA:83,4,0,0
BRDA:83,4,1,0
BRDA:94,5,0,0
BRDA:94,5,1,0
BRDA:133,6,0,0
BRDA:133,6,1,0
BRDA:138,7,0,0
BRDA:138,7,1,0
BRDA:146,8,0,0
BRDA:146,8,1,0
BRDA:152,9,0,0
BRDA:152,9,1,0
BRDA:154,10,0,0
BRDA:154,10,1,0
BRDA:155,11,0,0
BRDA:155,11,1,0
BRDA:158,12,0,0
BRDA:158,12,1,0
BRDA:159,13,0,0
BRDA:159,13,1,0
BRDA:159,14,0,0
BRDA:159,14,1,0
BRDA:178,15,0,0
BRDA:178,15,1,0
BRDA:180,16,0,0
BRDA:180,16,1,0
BRDA:216,17,0,0
BRDA:216,17,1,0
BRDA:219,18,0,0
BRDA:219,18,1,0
BRDA:224,19,0,0
BRDA:224,19,1,0
BRDA:243,20,0,0
BRDA:243,20,1,0
BRDA:247,21,0,0
BRDA:247,21,1,0
BRF:48
BRH:0
end_of_record
TN:
SF:app/(auth)/verify.tsx
FN:11,(anonymous_0)
FN:23,(anonymous_1)
FN:34,VerifyScreen
FN:40,(anonymous_3)
FN:42,(anonymous_4)
FN:42,(anonymous_5)
FN:43,(anonymous_6)
FN:46,(anonymous_7)
FN:48,(anonymous_8)
FN:51,(anonymous_9)
FN:51,(anonymous_10)
FN:55,(anonymous_11)
FN:62,(anonymous_12)
FN:74,(anonymous_13)
FN:93,(anonymous_14)
FN:108,(anonymous_15)
FN:110,(anonymous_16)
FN:124,(anonymous_17)
FNF:18
FNH:0
FNDA:0,(anonymous_0)
FNDA:0,(anonymous_1)
FNDA:0,VerifyScreen
FNDA:0,(anonymous_3)
FNDA:0,(anonymous_4)
FNDA:0,(anonymous_5)
FNDA:0,(anonymous_6)
FNDA:0,(anonymous_7)
FNDA:0,(anonymous_8)
FNDA:0,(anonymous_9)
FNDA:0,(anonymous_10)
FNDA:0,(anonymous_11)
FNDA:0,(anonymous_12)
FNDA:0,(anonymous_13)
FNDA:0,(anonymous_14)
FNDA:0,(anonymous_15)
FNDA:0,(anonymous_16)
FNDA:0,(anonymous_17)
DA:8,0
DA:9,0
DA:11,0
DA:12,0
DA:23,0
DA:24,0
DA:35,0
DA:36,0
DA:37,0
DA:38,0
DA:40,0
DA:41,0
DA:42,0
DA:43,0
DA:46,0
DA:47,0
DA:48,0
DA:51,0
DA:53,0
DA:55,0
DA:56,0
DA:57,0
DA:60,0
DA:62,0
DA:75,0
DA:93,0
DA:109,0
DA:111,0
DA:112,0
DA:113,0
DA:123,0
DA:124,0
LF:32
LH:0
BRDA:14,0,0,0
BRDA:14,0,1,0
BRDA:14,1,0,0
BRDA:14,1,1,0
BRDA:15,2,0,0
BRDA:15,2,1,0
BRDA:17,3,0,0
BRDA:17,3,1,0
BRDA:41,4,0,0
BRDA:41,4,1,0
BRDA:47,5,0,0
BRDA:47,5,1,0
BRDA:56,6,0,0
BRDA:56,6,1,0
BRDA:70,7,0,0
BRDA:70,7,1,0
BRDA:82,8,0,0
BRDA:82,8,1,0
BRDA:88,9,0,0
BRDA:88,9,1,0
BRDA:111,10,0,0
BRDA:111,10,1,0
BRDA:112,11,0,0
BRDA:112,11,1,0
BRF:24
BRH:0
end_of_record
TN:
SF:app/(tabs)/_layout.tsx
FN:6,TabLayout
FN:9,(anonymous_1)
FNF:2
FNH:0
FNDA:0,TabLayout
FNDA:0,(anonymous_1)
DA:7,0
DA:9,0
LF:2
LH:0
BRF:0
BRH:0
end_of_record
TN:
SF:app/(tabs)/courses.tsx
FN:21,CoursesScreen
FN:32,(anonymous_1)
FN:38,(anonymous_2)
FN:47,(anonymous_3)
FN:52,(anonymous_4)
FN:56,(anonymous_5)
FN:57,(anonymous_6)
FN:62,(anonymous_7)
FN:72,(anonymous_8)
FN:86,(anonymous_9)
FN:123,(anonymous_10)
FN:128,(anonymous_11)
FN:133,(anonymous_12)
FN:138,(anonymous_13)
FN:142,(anonymous_14)
FN:147,(anonymous_15)
FNF:16
FNH:0
FNDA:0,CoursesScreen
FNDA:0,(anonymous_1)
FNDA:0,(anonymous_2)
FNDA:0,(anonymous_3)
FNDA:0,(anonymous_4)
FNDA:0,(anonymous_5)
FNDA:0,(anonymous_6)
FNDA:0,(anonymous_7)
FNDA:0,(anonymous_8)
FNDA:0,(anonymous_9)
FNDA:0,(anonymous_10)
FNDA:0,(anonymous_11)
FNDA:0,(anonymous_12)
FNDA:0,(anonymous_13)
FNDA:0,(anonymous_14)
FNDA:0,(anonymous_15)
DA:15,0
DA:22,0
DA:25,0
DA:32,0
DA:34,0
DA:35,0
DA:38,0
DA:39,0
DA:40,0
DA:44,0
DA:47,0
DA:48,0
DA:52,0
DA:53,0
DA:56,0
DA:57,0
DA:60,0
DA:62,0
DA:63,0
DA:72,0
DA:74,0
DA:76,0
DA:86,0
DA:87,0
DA:90,0
DA:124,0
DA:128,0
DA:134,0
DA:138,0
DA:143,0
DA:147,0
DA:162,0
LF:32
LH:0
BRDA:32,0,0,0
BRDA:32,0,1,0
BRDA:39,1,0,0
BRDA:39,1,1,0
BRDA:39,2,0,0
BRDA:39,2,1,0
BRDA:44,3,0,0
BRDA:44,3,1,0
BRDA:48,4,0,0
BRDA:48,4,1,0
BRDA:53,5,0,0
BRDA:53,5,1,0
BRDA:123,6,0,0
BRDA:123,6,1,0
BRDA:133,7,0,0
BRDA:133,7,1,0
BRDA:142,8,0,0
BRDA:142,8,1,0
BRDA:151,9,0,0
BRDA:151,9,1,0
BRF:20
BRH:0
end_of_record
TN:
SF:app/(tabs)/index.tsx
FN:16,daysUntilBac
FN:24,(anonymous_1)
FN:43,HomeScreen
FN:46,(anonymous_3)
FN:56,(anonymous_4)
FN:73,(anonymous_5)
FN:91,(anonymous_6)
FN:94,(anonymous_7)
FN:128,(anonymous_8)
FN:129,(anonymous_9)
FN:130,(anonymous_10)
FN:134,(anonymous_11)
FN:135,(anonymous_12)
FN:156,(anonymous_13)
FN:164,(anonymous_14)
FN:165,(anonymous_15)
FN:175,(anonymous_16)
FN:180,(anonymous_17)
FN:194,(anonymous_18)
FN:205,(anonymous_19)
FN:215,(anonymous_20)
FN:218,(anonymous_21)
FNF:22
FNH:0
FNDA:0,daysUntilBac
FNDA:0,(anonymous_1)
FNDA:0,HomeScreen
FNDA:0,(anonymous_3)
FNDA:0,(anonymous_4)
FNDA:0,(anonymous_5)
FNDA:0,(anonymous_6)
FNDA:0,(anonymous_7)
FNDA:0,(anonymous_8)
FNDA:0,(anonymous_9)
FNDA:0,(anonymous_10)
FNDA:0,(anonymous_11)
FNDA:0,(anonymous_12)
FNDA:0,(anonymous_13)
FNDA:0,(anonymous_14)
FNDA:0,(anonymous_15)
FNDA:0,(anonymous_16)
FNDA:0,(anonymous_17)
FNDA:0,(anonymous_18)
FNDA:0,(anonymous_19)
FNDA:0,(anonymous_20)
FNDA:0,(anonymous_21)
DA:17,0
DA:18,0
DA:19,0
DA:20,0
DA:24,0
DA:29,0
DA:44,0
DA:45,0
DA:46,0
DA:47,0
DA:50,0
DA:52,0
DA:53,0
DA:54,0
DA:56,0
DA:57,0
DA:59,0
DA:61,0
DA:65,0
DA:74,0
DA:91,0
DA:94,0
DA:128,0
DA:129,0
DA:130,0
DA:134,0
DA:135,0
DA:156,0
DA:165,0
DA:175,0
DA:180,0
DA:206,0
DA:215,0
DA:218,0
DA:229,0
LF:35
LH:0
BRDA:18,0,0,0
BRDA:18,0,1,0
BRDA:32,1,0,0
BRDA:32,1,1,0
BRDA:34,2,0,0
BRDA:34,2,1,0
BRDA:52,3,0,0
BRDA:52,3,1,0
BRDA:53,4,0,0
BRDA:53,4,1,0
BRDA:57,5,0,0
BRDA:57,5,1,0
BRDA:87,6,0,0
BRDA:87,6,1,0
BRDA:192,7,0,0
BRDA:192,7,1,0
BRF:16
BRH:0
end_of_record
TN:
SF:app/(tabs)/library.tsx
FN:18,LibraryScreen
FN:30,(anonymous_1)
FN:65,(anonymous_2)
FN:84,(anonymous_3)
FN:90,(anonymous_4)
FN:103,(anonymous_5)
FN:109,(anonymous_6)
FN:132,(anonymous_7)
FN:141,(anonymous_8)
FN:157,(anonymous_9)
FN:161,(anonymous_10)
FN:167,(anonymous_11)
FN:192,(anonymous_12)
FN:223,(anonymous_13)
FNF:14
FNH:0
FNDA:0,LibraryScreen
FNDA:0,(anonymous_1)
FNDA:0,(anonymous_2)
FNDA:0,(anonymous_3)
FNDA:0,(anonymous_4)
FNDA:0,(anonymous_5)
FNDA:0,(anonymous_6)
FNDA:0,(anonymous_7)
FNDA:0,(anonymous_8)
FNDA:0,(anonymous_9)
FNDA:0,(anonymous_10)
FNDA:0,(anonymous_11)
FNDA:0,(anonymous_12)
FNDA:0,(anonymous_13)
DA:11,0
DA:12,0
DA:19,0
DA:20,0
DA:22,0
DA:23,0
DA:24,0
DA:25,0
DA:28,0
DA:30,0
DA:31,0
DA:41,0
DA:65,0
DA:85,0
DA:86,0
DA:90,0
DA:104,0
DA:105,0
DA:109,0
DA:132,0
DA:141,0
DA:157,0
DA:162,0
DA:163,0
DA:168,0
DA:169,0
DA:192,0
DA:193,0
DA:195,0
DA:223,0
DA:224,0
DA:244,0
LF:32
LH:0
BRDA:89,0,0,0
BRDA:89,0,1,0
BRDA:93,1,0,0
BRDA:93,1,1,0
BRDA:108,2,0,0
BRDA:108,2,1,0
BRDA:112,3,0,0
BRDA:112,3,1,0
BRDA:126,4,0,0
BRDA:126,4,1,0
BRDA:135,5,0,0
BRDA:135,5,1,0
BRDA:144,6,0,0
BRDA:144,6,1,0
BRDA:166,7,0,0
BRDA:166,7,1,0
BRDA:173,8,0,0
BRDA:173,8,1,0
BRDA:174,9,0,0
BRDA:174,9,1,0
BRDA:178,10,0,0
BRDA:178,10,1,0
BRDA:197,11,0,0
BRDA:197,11,1,0
BRDA:198,12,0,0
BRDA:198,12,1,0
BRDA:201,13,0,0
BRDA:201,13,1,0
BRF:28
BRH:0
end_of_record
TN:
SF:app/(tabs)/profile.tsx
FN:21,ProfileScreen
FN:24,(anonymous_1)
FN:78,(anonymous_2)
FN:106,(anonymous_3)
FN:120,(anonymous_4)
FN:124,(anonymous_5)
FN:138,(anonymous_6)
FNF:7
FNH:0
FNDA:0,ProfileScreen
FNDA:0,(anonymous_1)
FNDA:0,(anonymous_2)
FNDA:0,(anonymous_3)
FNDA:0,(anonymous_4)
FNDA:0,(anonymous_5)
FNDA:0,(anonymous_6)
DA:22,0
DA:23,0
DA:24,0
DA:26,0
DA:32,0
DA:39,0
DA:46,0
DA:79,0
DA:107,0
DA:121,0
DA:124,0
DA:138,0
DA:147,0
LF:13
LH:0
BRDA:123,0,0,0
BRDA:123,0,1,0
BRF:2
BRH:0
end_of_record
TN:
SF:app/(tabs)/quiz.tsx
FN:10,QuizSubjectsScreen
FN:17,(anonymous_1)
FN:21,(anonymous_2)
FN:32,(anonymous_3)
FN:68,(anonymous_4)
FN:73,(anonymous_5)
FNF:6
FNH:0
FNDA:0,QuizSubjectsScreen
FNDA:0,(anonymous_1)
FNDA:0,(anonymous_2)
FNDA:0,(anonymous_3)
FNDA:0,(anonymous_4)
FNDA:0,(anonymous_5)
DA:11,0
DA:12,0
DA:14,0
DA:15,0
DA:17,0
DA:18,0
DA:21,0
DA:22,0
DA:23,0
DA:24,0
DA:26,0
DA:28,0
DA:32,0
DA:33,0
DA:39,0
DA:69,0
DA:73,0
DA:89,0
LF:18
LH:0
BRDA:51,0,0,0
BRDA:51,0,1,0
BRDA:79,1,0,0
BRDA:79,1,1,0
BRF:4
BRH:0
end_of_record
TN:
SF:app/settings/edit-profile.tsx
FN:8,EditProfileScreen
FN:22,(anonymous_1)
FN:25,(anonymous_2)
FN:28,(anonymous_3)
FN:35,(anonymous_4)
FN:55,(anonymous_5)
FN:80,(anonymous_6)
FN:86,(anonymous_7)
FN:92,(anonymous_8)
FN:99,(anonymous_9)
FNF:10
FNH:0
FNDA:0,EditProfileScreen
FNDA:0,(anonymous_1)
FNDA:0,(anonymous_2)
FNDA:0,(anonymous_3)
FNDA:0,(anonymous_4)
FNDA:0,(anonymous_5)
FNDA:0,(anonymous_6)
FNDA:0,(anonymous_7)
FNDA:0,(anonymous_8)
FNDA:0,(anonymous_9)
DA:9,0
DA:10,0
DA:12,0
DA:19,0
DA:20,0
DA:22,0
DA:23,0
DA:25,0
DA:26,0
DA:27,0
DA:28,0
DA:29,0
DA:30,0
DA:35,0
DA:36,0
DA:49,0
DA:55,0
DA:80,0
DA:86,0
DA:92,0
DA:99,0
DA:126,0
LF:22
LH:0
BRDA:105,0,0,0
BRDA:105,0,1,0
BRDA:107,1,0,0
BRDA:107,1,1,0
BRDA:109,2,0,0
BRDA:109,2,1,0
BRDA:111,3,0,0
BRDA:111,3,1,0
BRF:8
BRH:0
end_of_record
TN:
SF:app/settings/notifications.tsx
FN:8,NotificationsSettingsScreen
FN:21,(anonymous_1)
FN:22,(anonymous_2)
FN:25,(anonymous_3)
FN:29,(anonymous_4)
FN:50,(anonymous_5)
FN:64,(anonymous_6)
FN:70,(anonymous_7)
FN:76,(anonymous_8)
FN:87,(anonymous_9)
FN:93,(anonymous_10)
FN:99,(anonymous_11)
FNF:12
FNH:0
FNDA:0,NotificationsSettingsScreen
FNDA:0,(anonymous_1)
FNDA:0,(anonymous_2)
FNDA:0,(anonymous_3)
FNDA:0,(anonymous_4)
FNDA:0,(anonymous_5)
FNDA:0,(anonymous_6)
FNDA:0,(anonymous_7)
FNDA:0,(anonymous_8)
FNDA:0,(anonymous_9)
FNDA:0,(anonymous_10)
FNDA:0,(anonymous_11)
DA:9,0
DA:10,0
DA:12,0
DA:21,0
DA:22,0
DA:25,0
DA:26,0
DA:29,0
DA:30,0
DA:44,0
DA:50,0
DA:64,0
DA:70,0
DA:76,0
DA:87,0
DA:93,0
DA:99,0
DA:108,0
LF:18
LH:0
BRDA:30,0,0,0
BRDA:30,0,1,0
BRDA:33,1,0,0
BRDA:33,1,1,0
BRDA:39,2,0,0
BRDA:39,2,1,0
BRF:6
BRH:0
end_of_record
TN:
SF:app/settings/privacy.tsx
FN:8,PrivacyScreen
FN:12,(anonymous_1)
FN:22,(anonymous_2)
FNF:3
FNH:0
FNDA:0,PrivacyScreen
FNDA:0,(anonymous_1)
FNDA:0,(anonymous_2)
DA:9,0
DA:10,0
DA:12,0
DA:13,0
DA:16,0
DA:22,0
DA:72,0
LF:7
LH:0
BRF:0
BRH:0
end_of_record
TN:
SF:app/settings/support.tsx
FN:12,SupportScreen
FN:24,(anonymous_1)
FN:29,(anonymous_2)
FN:48,(anonymous_3)
FN:70,(anonymous_4)
FN:74,(anonymous_5)
FNF:6
FNH:0
FNDA:0,SupportScreen
FNDA:0,(anonymous_1)
FNDA:0,(anonymous_2)
FNDA:0,(anonymous_3)
FNDA:0,(anonymous_4)
FNDA:0,(anonymous_5)
DA:8,0
DA:9,0
DA:13,0
DA:14,0
DA:15,0
DA:17,0
DA:24,0
DA:25,0
DA:26,0
DA:29,0
DA:30,0
DA:42,0
DA:48,0
DA:71,0
DA:74,0
DA:97,0
LF:16
LH:0
BRDA:8,0,0,0
BRDA:8,0,1,0
BRDA:8,1,0,0
BRDA:8,1,1,0
BRDA:26,2,0,0
BRDA:26,2,1,0
BRDA:30,3,0,0
BRDA:30,3,1,0
BRDA:71,4,0,0
BRDA:71,4,1,0
BRDA:81,5,0,0
BRDA:81,5,1,0
BRDA:84,6,0,0
BRDA:84,6,1,0
BRF:14
BRH:0
end_of_record
TN:
SF:components/external-link.tsx
FN:7,ExternalLink
FN:13,(anonymous_1)
FNF:2
FNH:0
FNDA:0,ExternalLink
FNDA:0,(anonymous_1)
DA:8,0
DA:14,0
DA:16,0
DA:18,0
LF:4
LH:0
BRDA:14,0,0,0
BRDA:14,0,1,0
BRF:2
BRH:0
end_of_record
TN:
SF:components/haptic-tab.tsx
FN:5,HapticTab
FN:9,(anonymous_1)
FNF:2
FNH:0
FNDA:0,HapticTab
FNDA:0,(anonymous_1)
DA:6,0
DA:10,0
DA:12,0
DA:14,0
LF:4
LH:0
BRDA:10,0,0,0
BRDA:10,0,1,0
BRF:2
BRH:0
end_of_record
TN:
SF:components/hello-wave.tsx
FN:3,HelloWave
FNF:1
FNH:0
FNDA:0,HelloWave
DA:4,0
LF:1
LH:0
BRF:0
BRH:0
end_of_record
TN:
SF:components/parallax-scroll-view.tsx
FN:21,ParallaxScrollView
FN:30,(anonymous_1)
FNF:2
FNH:0
FNDA:0,ParallaxScrollView
FNDA:0,(anonymous_1)
DA:14,0
DA:26,0
DA:27,0
DA:28,0
DA:29,0
DA:30,0
DA:31,0
DA:47,0
DA:65,0
LF:9
LH:0
BRDA:27,0,0,0
BRDA:27,0,1,0
BRF:2
BRH:0
end_of_record
TN:
SF:components/themed-text.tsx
FN:11,ThemedText
FNF:1
FNH:0
FNDA:0,ThemedText
DA:18,0
DA:20,0
DA:36,0
LF:3
LH:0
BRDA:15,0,0,0
BRDA:24,1,0,0
BRDA:24,1,1,0
BRDA:25,2,0,0
BRDA:25,2,1,0
BRDA:26,3,0,0
BRDA:26,3,1,0
BRDA:27,4,0,0
BRDA:27,4,1,0
BRDA:28,5,0,0
BRDA:28,5,1,0
BRF:11
BRH:0
end_of_record
TN:
SF:components/themed-view.tsx
FN:10,ThemedView
FNF:1
FNH:0
FNDA:0,ThemedView
DA:11,0
DA:13,0
LF:2
LH:0
BRF:0
BRH:0
end_of_record
TN:
SF:components/books/FilterSheet.tsx
FN:15,FilterSheet
FN:25,(anonymous_1)
FN:32,(anonymous_2)
FNF:3
FNH:0
FNDA:0,FilterSheet
FNDA:0,(anonymous_1)
FNDA:0,(anonymous_2)
DA:23,0
DA:26,0
DA:28,0
DA:33,0
DA:34,0
DA:54,0
LF:6
LH:0
BRDA:31,0,0,0
BRDA:31,0,1,0
BRDA:38,1,0,0
BRDA:38,1,1,0
BRDA:39,2,0,0
BRDA:39,2,1,0
BRDA:41,3,0,0
BRDA:41,3,1,0
BRDA:42,4,0,0
BRDA:42,4,1,0
BRDA:43,5,0,0
BRDA:43,5,1,0
BRDA:46,6,0,0
BRDA:46,6,1,0
BRF:14
BRH:0
end_of_record
TN:
SF:components/courses/ChapterRowCard.tsx
FN:17,(anonymous_0)
FNF:1
FNH:0
FNDA:0,(anonymous_0)
DA:17,0
DA:18,0
DA:48,0
LF:3
LH:0
BRDA:24,0,0,0
BRDA:24,0,1,0
BRDA:37,1,0,0
BRDA:37,1,1,0
BRF:4
BRH:0
end_of_record
TN:
SF:components/courses/SectionCard.tsx
FN:23,(anonymous_0)
FN:26,(anonymous_1)
FN:63,(anonymous_2)
FN:66,(anonymous_3)
FNF:4
FNH:0
FNDA:0,(anonymous_0)
FNDA:0,(anonymous_1)
FNDA:0,(anonymous_2)
FNDA:0,(anonymous_3)
DA:23,0
DA:24,0
DA:26,0
DA:27,0
DA:34,0
DA:39,0
DA:64,0
DA:66,0
DA:88,0
LF:9
LH:0
BRDA:24,0,0,0
BRDA:24,0,1,0
BRDA:28,1,0,0
BRDA:28,1,1,0
BRDA:61,2,0,0
BRDA:61,2,1,0
BRDA:70,3,0,0
BRDA:70,3,1,0
BRDA:76,4,0,0
BRDA:76,4,1,0
BRDA:78,5,0,0
BRDA:78,5,1,0
BRF:12
BRH:0
end_of_record
TN:
SF:components/courses/SubjectChips.tsx
FN:15,(anonymous_0)
FN:23,(anonymous_1)
FN:28,(anonymous_2)
FNF:3
FNH:0
FNDA:0,(anonymous_0)
FNDA:0,(anonymous_1)
FNDA:0,(anonymous_2)
DA:15,0
DA:16,0
DA:24,0
DA:25,0
DA:28,0
DA:50,0
LF:6
LH:0
BRDA:32,0,0,0
BRDA:32,0,1,0
BRDA:38,1,0,0
BRDA:38,1,1,0
BRF:4
BRH:0
end_of_record
TN:
SF:components/courses/TabChips.tsx
FN:16,(anonymous_0)
FN:31,(anonymous_1)
FN:39,(anonymous_2)
FN:44,(anonymous_3)
FNF:4
FNH:0
FNDA:0,(anonymous_0)
FNDA:0,(anonymous_1)
FNDA:0,(anonymous_2)
FNDA:0,(anonymous_3)
DA:16,0
DA:17,0
DA:31,0
DA:32,0
DA:40,0
DA:41,0
DA:44,0
DA:63,0
LF:8
LH:0
BRDA:16,0,0,0
BRDA:48,1,0,0
BRDA:48,1,1,0
BRDA:49,2,0,0
BRDA:49,2,1,0
BRDA:52,3,0,0
BRDA:52,3,1,0
BRF:7
BRH:0
end_of_record
TN:
SF:components/courses/TexRenderer.tsx
FN:10,(anonymous_0)
FN:81,(anonymous_1)
FNF:2
FNH:0
FNDA:0,(anonymous_0)
FNDA:0,(anonymous_1)
DA:10,0
DA:12,0
DA:72,0
DA:82,0
DA:91,0
LF:5
LH:0
BRDA:10,0,0,0
BRF:1
BRH:0
end_of_record
TN:
SF:components/home/BookCover.tsx
FN:17,(anonymous_0)
FNF:1
FNH:0
FNDA:0,(anonymous_0)
DA:17,0
DA:18,0
DA:55,0
LF:3
LH:0
BRDA:35,0,0,0
BRDA:35,0,1,0
BRDA:42,1,0,0
BRDA:42,1,1,0
BRF:4
BRH:0
end_of_record
TN:
SF:components/home/QuickAction.tsx
FN:12,(anonymous_0)
FNF:1
FNH:0
FNDA:0,(anonymous_0)
DA:12,0
DA:13,0
DA:14,0
DA:15,0
DA:16,0
DA:18,0
DA:38,0
LF:7
LH:0
BRDA:13,0,0,0
BRDA:13,0,1,0
BRDA:14,1,0,0
BRDA:14,1,1,0
BRDA:15,2,0,0
BRDA:15,2,1,0
BRDA:16,3,0,0
BRDA:16,3,1,0
BRDA:25,4,0,0
BRDA:25,4,1,0
BRDA:29,5,0,0
BRDA:29,5,1,0
BRDA:30,6,0,0
BRDA:30,6,1,0
BRDA:31,7,0,0
BRDA:31,7,1,0
BRF:16
BRH:0
end_of_record
TN:
SF:components/ui/AppBar.tsx
FN:14,(anonymous_0)
FNF:1
FNH:0
FNDA:0,(anonymous_0)
DA:14,0
DA:15,0
DA:17,0
LF:3
LH:0
BRDA:24,0,0,0
BRDA:24,0,1,0
BRDA:24,0,2,0
BRDA:26,1,0,0
BRDA:26,1,1,0
BRDA:30,2,0,0
BRDA:30,2,1,0
BRF:7
BRH:0
end_of_record
TN:
SF:components/ui/BottomSheet.tsx
FN:17,(anonymous_0)
FN:26,(anonymous_1)
FN:35,(anonymous_2)
FNF:3
FNH:0
FNDA:0,(anonymous_0)
FNDA:0,(anonymous_1)
FNDA:0,(anonymous_2)
DA:17,0
DA:24,0
DA:26,0
DA:27,0
DA:28,0
DA:30,0
DA:34,0
DA:36,0
DA:49,0
LF:9
LH:0
BRDA:21,0,0,0
BRDA:27,1,0,0
BRDA:27,1,1,0
BRDA:64,2,0,0
BRDA:64,2,1,0
BRF:5
BRH:0
end_of_record
TN:
SF:components/ui/Button.tsx
FN:16,(anonymous_0)
FNF:1
FNH:0
FNDA:0,(anonymous_0)
DA:16,0
DA:27,0
DA:29,0
DA:30,0
DA:33,0
DA:35,0
DA:37,0
DA:38,0
DA:39,0
DA:41,0
DA:43,0
LF:11
LH:0
BRDA:19,0,0,0
BRDA:20,1,0,0
BRDA:21,2,0,0
BRDA:22,3,0,0
BRDA:24,4,0,0
BRDA:30,5,0,0
BRDA:30,5,1,0
BRDA:35,6,0,0
BRDA:35,6,1,0
BRDA:41,7,0,0
BRDA:41,7,1,0
BRDA:47,8,0,0
BRDA:47,8,1,0
BRDA:51,9,0,0
BRDA:51,9,1,0
BRDA:52,10,0,0
BRDA:52,10,1,0
BRF:17
BRH:0
end_of_record
TN:
SF:components/ui/CustomTabBar.tsx
FN:14,CustomTabBar
FN:19,(anonymous_1)
FN:32,(anonymous_2)
FNF:3
FNH:0
FNDA:0,CustomTabBar
FNDA:0,(anonymous_1)
FNDA:0,(anonymous_2)
DA:6,0
DA:15,0
DA:17,0
DA:20,0
DA:21,0
DA:24,0
DA:25,0
DA:28,0
DA:29,0
DA:30,0
DA:32,0
DA:33,0
DA:39,0
DA:40,0
DA:44,0
DA:74,0
LF:16
LH:0
BRDA:18,0,0,0
BRDA:18,0,1,0
BRDA:24,1,0,0
BRDA:24,1,1,0
BRDA:24,2,0,0
BRDA:24,2,1,0
BRDA:30,3,0,0
BRDA:30,3,1,0
BRDA:39,4,0,0
BRDA:39,4,1,0
BRDA:39,5,0,0
BRDA:39,5,1,0
BRDA:48,6,0,0
BRDA:48,6,1,0
BRDA:55,7,0,0
BRDA:55,7,1,0
BRDA:61,8,0,0
BRDA:61,8,1,0
BRF:18
BRH:0
end_of_record
TN:
SF:components/ui/Input.tsx
FN:10,(anonymous_0)
FN:46,(anonymous_1)
FN:47,(anonymous_2)
FNF:3
FNH:0
FNDA:0,(anonymous_0)
FNDA:0,(anonymous_1)
FNDA:0,(anonymous_2)
DA:10,0
DA:22,0
DA:24,0
DA:46,0
DA:47,0
LF:5
LH:0
BRDA:13,0,0,0
BRDA:19,1,0,0
BRDA:26,2,0,0
BRDA:26,2,1,0
BRDA:33,3,0,0
BRDA:33,3,1,0
BRDA:36,4,0,0
BRDA:36,4,1,0
BRF:8
BRH:0
end_of_record
TN:
SF:components/ui/collapsible.tsx
FN:10,Collapsible
FN:18,(anonymous_1)
FN:18,(anonymous_2)
FNF:3
FNH:0
FNDA:0,Collapsible
FNDA:0,(anonymous_1)
FNDA:0,(anonymous_2)
DA:11,0
DA:12,0
DA:14,0
DA:18,0
DA:35,0
LF:5
LH:0
BRDA:12,0,0,0
BRDA:12,0,1,0
BRDA:24,1,0,0
BRDA:24,1,1,0
BRDA:25,2,0,0
BRDA:25,2,1,0
BRDA:30,3,0,0
BRDA:30,3,1,0
BRF:8
BRH:0
end_of_record
TN:
SF:components/ui/icon-symbol.ios.tsx
FN:4,IconSymbol
FNF:1
FNH:0
FNDA:0,IconSymbol
DA:17,0
LF:1
LH:0
BRDA:6,0,0,0
BRDA:9,1,0,0
BRF:2
BRH:0
end_of_record
TN:
SF:components/ui/icon-symbol.tsx
FN:28,IconSymbol
FNF:1
FNH:0
FNDA:0,IconSymbol
DA:16,0
DA:40,0
LF:2
LH:0
BRDA:30,0,0,0
BRF:1
BRH:0
end_of_record
TN:
SF:constants/booksData.ts
FNF:0
FNH:0
DA:11,0
LF:1
LH:0
BRF:0
BRH:0
end_of_record
TN:
SF:constants/countries.ts
FNF:0
FNH:0
DA:1,0
DA:12,0
LF:2
LH:0
BRF:0
BRH:0
end_of_record
TN:
SF:constants/coursesData.ts
FNF:0
FNH:0
DA:1,0
DA:12,0
LF:2
LH:0
BRF:0
BRH:0
end_of_record
TN:
SF:constants/homeBooks.ts
FNF:0
FNH:0
DA:1,0
LF:1
LH:0
BRF:0
BRH:0
end_of_record
TN:
SF:constants/quizData.ts
FNF:0
FNH:0
DA:8,0
DA:18,0
LF:2
LH:0
BRF:0
BRH:0
end_of_record
TN:
SF:constants/theme.ts
FNF:0
FNH:0
DA:8,0
DA:9,0
DA:11,0
DA:30,0
LF:4
LH:0
BRF:0
BRH:0
end_of_record
TN:
SF:hooks/use-color-scheme.ts
FNF:0
FNH:0
LF:0
LH:0
BRF:0
BRH:0
end_of_record
TN:
SF:hooks/use-color-scheme.web.ts
FN:7,useColorScheme
FN:10,(anonymous_1)
FNF:2
FNH:0
FNDA:0,useColorScheme
FNDA:0,(anonymous_1)
DA:8,0
DA:10,0
DA:11,0
DA:14,0
DA:16,0
DA:17,0
DA:20,0
LF:7
LH:0
BRDA:16,0,0,0
BRDA:16,0,1,0
BRF:2
BRH:0
end_of_record
TN:
SF:hooks/use-theme-color.ts
FN:9,useThemeColor
FNF:1
FNH:0
FNDA:0,useThemeColor
DA:13,0
DA:14,0
DA:16,0
DA:17,0
DA:19,0
LF:5
LH:0
BRDA:13,0,0,0
BRDA:13,0,1,0
BRDA:16,1,0,0
BRDA:16,1,1,0
BRF:4
BRH:0
end_of_record
TN:
SF:providers/QueryProvider.tsx
FN:14,QueryProvider
FNF:1
FNH:0
FNDA:0,QueryProvider
DA:5,0
DA:15,0
LF:2
LH:0
BRF:0
BRH:0
end_of_record
TN:
SF:services/apiClient.ts
FN:14,(anonymous_0)
FN:21,(anonymous_1)
FN:28,(anonymous_2)
FN:29,(anonymous_3)
FNF:4
FNH:0
FNDA:0,(anonymous_0)
FNDA:0,(anonymous_1)
FNDA:0,(anonymous_2)
FNDA:0,(anonymous_3)
DA:4,1
DA:13,1
DA:15,0
DA:16,0
DA:17,0
DA:19,0
DA:22,0
DA:27,1
DA:28,0
DA:30,0
DA:32,0
DA:33,0
DA:35,0
LF:13
LH:3
BRDA:5,0,0,1
BRDA:5,0,1,1
BRDA:16,1,0,0
BRDA:16,1,1,0
BRDA:30,2,0,0
BRDA:30,2,1,0
BRF:6
BRH:2
end_of_record
TN:
SF:services/authService.ts
FN:15,register
FN:25,verifyOtp
FN:34,login
FN:43,logout
FN:51,refreshToken
FNF:5
FNH:0
FNDA:0,register
FNDA:0,verifyOtp
FNDA:0,login
FNDA:0,logout
FNDA:0,refreshToken
DA:16,0
DA:17,0
DA:26,0
DA:27,0
DA:35,0
DA:36,0
DA:44,0
DA:52,0
DA:53,0
LF:9
LH:0
BRF:0
BRH:0
end_of_record
TN:
SF:services/catalogService.ts
FN:15,(anonymous_0)
FN:25,(anonymous_1)
FN:34,(anonymous_2)
FNF:3
FNH:0
FNDA:0,(anonymous_0)
FNDA:0,(anonymous_1)
FNDA:0,(anonymous_2)
DA:11,0
DA:16,0
DA:19,0
DA:26,0
DA:27,0
DA:35,0
DA:36,0
LF:7
LH:0
BRDA:15,0,0,0
BRF:1
BRH:0
end_of_record
TN:
SF:services/courseService.ts
FN:8,(anonymous_0)
FN:16,(anonymous_1)
FN:24,(anonymous_2)
FN:32,(anonymous_3)
FNF:4
FNH:0
FNDA:0,(anonymous_0)
FNDA:0,(anonymous_1)
FNDA:0,(anonymous_2)
FNDA:0,(anonymous_3)
DA:4,0
DA:9,0
DA:10,0
DA:17,0
DA:18,0
DA:25,0
DA:26,0
DA:33,0
DA:34,0
LF:9
LH:0
BRF:0
BRH:0
end_of_record
TN:
SF:services/quizService.ts
FN:34,(anonymous_0)
FN:42,(anonymous_1)
FN:52,(anonymous_2)
FN:64,(anonymous_3)
FN:72,(anonymous_4)
FNF:5
FNH:2
FNDA:0,(anonymous_0)
FNDA:1,(anonymous_1)
FNDA:1,(anonymous_2)
FNDA:0,(anonymous_3)
FNDA:0,(anonymous_4)
DA:30,1
DA:35,0
DA:36,0
DA:43,1
DA:46,1
DA:56,1
DA:65,0
DA:66,0
DA:73,0
DA:74,0
LF:10
LH:4
BRF:0
BRH:0
end_of_record
TN:
SF:services/referentialService.ts
FN:9,getCountries
FNF:1
FNH:0
FNDA:0,getCountries
DA:10,0
DA:11,0
LF:2
LH:0
BRF:0
BRH:0
end_of_record
TN:
SF:store/useAuthStore.ts
FN:25,(anonymous_0)
FN:31,(anonymous_1)
FN:38,(anonymous_2)
FN:51,(anonymous_3)
FNF:4
FNH:0
FNDA:0,(anonymous_0)
FNDA:0,(anonymous_1)
FNDA:0,(anonymous_2)
FNDA:0,(anonymous_3)
DA:6,0
DA:25,0
DA:32,0
DA:33,0
DA:34,0
DA:35,0
DA:40,0
DA:41,0
DA:45,0
DA:46,0
DA:47,0
DA:48,0
DA:52,0
DA:53,0
DA:54,0
DA:56,0
DA:57,0
DA:58,0
DA:59,0
DA:62,0
DA:63,0
DA:64,0
LF:22
LH:0
BRDA:56,0,0,0
BRDA:56,0,1,0
BRDA:56,1,0,0
BRDA:56,1,1,0
BRF:4
BRH:0
end_of_record
TN:
SF:store/useQuizStore.ts
FN:26,(anonymous_0)
FN:28,(anonymous_1)
FN:36,(anonymous_2)
FNF:3
FNH:0
FNDA:0,(anonymous_0)
FNDA:0,(anonymous_1)
FNDA:0,(anonymous_2)
DA:26,0
DA:28,0
DA:36,0
LF:3
LH:0
BRF:0
BRH:0
end_of_record
TN:
SF:types/api.ts
FNF:0
FNH:0
LF:0
LH:0
BRF:0
BRH:0
end_of_record
TN:
SF:utils/apiError.ts
FN:8,getApiErrorMessage
FN:23,getValidationErrors
FN:28,(anonymous_2)
FNF:3
FNH:0
FNDA:0,getApiErrorMessage
FNDA:0,getValidationErrors
FNDA:0,(anonymous_2)
DA:9,0
DA:10,0
DA:11,0
DA:14,0
DA:16,0
DA:24,0
DA:25,0
DA:26,0
DA:27,0
DA:28,0
DA:31,0
LF:11
LH:0
BRDA:8,0,0,0
BRDA:9,1,0,0
BRDA:9,1,1,0
BRDA:11,2,0,0
BRDA:11,2,1,0
BRDA:14,3,0,0
BRDA:14,3,1,0
BRDA:24,4,0,0
BRDA:24,4,1,0
BRDA:24,5,0,0
BRDA:24,5,1,0
BRDA:26,6,0,0
BRDA:26,6,1,0
BRF:13
BRH:0
end_of_record
